2019-06-11 13:33:23,474 - werkzeug - INFO -  * Restarting with stat
2019-06-11 13:33:24,146 - werkzeug - WARNING -  * Debugger is active!
2019-06-11 13:33:24,146 - werkzeug - INFO -  * Debugger PIN: 168-521-222
2019-06-11 13:33:25,005 - werkzeug - INFO -  * Running on http://0.0.0.0:8080/ (Press CTRL+C to quit)
2019-06-11 13:36:01,005 - werkzeug - INFO -  * Restarting with stat
2019-06-11 13:36:01,536 - werkzeug - WARNING -  * Debugger is active!
2019-06-11 13:36:01,552 - werkzeug - INFO -  * Debugger PIN: 188-581-855
2019-06-11 13:36:02,396 - werkzeug - INFO -  * Running on http://0.0.0.0:8080/ (Press CTRL+C to quit)
2019-06-11 13:36:19,119 - werkzeug - INFO - 127.0.0.1 - - [11/Jun/2019 13:36:19] "[37mGET / HTTP/1.1[0m" 200 -
2019-06-11 13:36:19,182 - werkzeug - INFO - 127.0.0.1 - - [11/Jun/2019 13:36:19] "[37mGET /swaggerui/droid-sans.css HTTP/1.1[0m" 200 -
2019-06-11 13:36:19,182 - werkzeug - INFO - 127.0.0.1 - - [11/Jun/2019 13:36:19] "[37mGET /swaggerui/swagger-ui.css HTTP/1.1[0m" 200 -
2019-06-11 13:36:19,291 - werkzeug - INFO - 127.0.0.1 - - [11/Jun/2019 13:36:19] "[37mGET /swaggerui/swagger-ui-standalone-preset.js HTTP/1.1[0m" 200 -
2019-06-11 13:36:19,416 - werkzeug - INFO - 127.0.0.1 - - [11/Jun/2019 13:36:19] "[37mGET /swaggerui/swagger-ui-bundle.js HTTP/1.1[0m" 200 -
2019-06-11 13:36:19,568 - werkzeug - INFO - 127.0.0.1 - - [11/Jun/2019 13:36:19] "[37mGET /swaggerui/favicon-32x32.png HTTP/1.1[0m" 200 -
2019-06-11 13:36:19,630 - werkzeug - INFO - 127.0.0.1 - - [11/Jun/2019 13:36:19] "[37mGET /swagger.json HTTP/1.1[0m" 200 -
2019-06-11 13:37:46,475 - flask.app - ERROR - Exception on /api/v1.0/events [POST]
Traceback (most recent call last):
  File "C:\Anaconda3\lib\site-packages\flask\app.py", line 1813, in full_dispatch_request
    rv = self.dispatch_request()
  File "C:\Anaconda3\lib\site-packages\flask\app.py", line 1799, in dispatch_request
    return self.view_functions[rule.endpoint](**req.view_args)
  File "C:\Anaconda3\lib\site-packages\flask_restplus\api.py", line 325, in wrapper
    resp = resource(*args, **kwargs)
  File "C:\Anaconda3\lib\site-packages\flask\views.py", line 88, in view
    return self.dispatch_request(*args, **kwargs)
  File "C:\Anaconda3\lib\site-packages\flask_restplus\resource.py", line 44, in dispatch_request
    resp = meth(*args, **kwargs)
  File "C:\Anaconda3\lib\site-packages\flask_restplus\marshalling.py", line 136, in wrapper
    resp = f(*args, **kwargs)
  File "server.py", line 29, in post
    params = request_info['params']
KeyError: 'params'
2019-06-11 13:37:46,536 - werkzeug - INFO - 127.0.0.1 - - [11/Jun/2019 13:37:46] "[1m[35mPOST /api/v1.0/events HTTP/1.1[0m" 500 -
2019-06-11 13:39:55,556 - werkzeug - INFO -  * Detected change in 'C:\\Code\\EventBriteModule\\server.py', reloading
2019-06-11 13:39:55,619 - werkzeug - INFO -  * Restarting with stat
2019-06-11 13:39:56,206 - werkzeug - INFO -  * Restarting with stat
2019-06-11 13:39:56,216 - werkzeug - WARNING -  * Debugger is active!
2019-06-11 13:39:56,229 - werkzeug - INFO -  * Debugger PIN: 188-581-855
2019-06-11 13:39:56,919 - werkzeug - WARNING -  * Debugger is active!
2019-06-11 13:39:56,926 - werkzeug - INFO -  * Debugger PIN: 168-521-222
2019-06-11 13:39:57,076 - werkzeug - INFO -  * Running on http://0.0.0.0:8080/ (Press CTRL+C to quit)
2019-06-11 13:39:57,776 - werkzeug - INFO -  * Running on http://0.0.0.0:8080/ (Press CTRL+C to quit)
2019-06-11 13:40:02,028 - flask.app - ERROR - Exception on /api/v1.0/events [POST]
Traceback (most recent call last):
  File "C:\Anaconda3\lib\site-packages\flask\app.py", line 1813, in full_dispatch_request
    rv = self.dispatch_request()
  File "C:\Anaconda3\lib\site-packages\flask\app.py", line 1799, in dispatch_request
    return self.view_functions[rule.endpoint](**req.view_args)
  File "C:\Anaconda3\lib\site-packages\flask_restplus\api.py", line 325, in wrapper
    resp = resource(*args, **kwargs)
  File "C:\Anaconda3\lib\site-packages\flask\views.py", line 88, in view
    return self.dispatch_request(*args, **kwargs)
  File "C:\Anaconda3\lib\site-packages\flask_restplus\resource.py", line 44, in dispatch_request
    resp = meth(*args, **kwargs)
  File "C:\Anaconda3\lib\site-packages\flask_restplus\marshalling.py", line 136, in wrapper
    resp = f(*args, **kwargs)
  File "server.py", line 29, in post
    params = request_info['params']
KeyError: 'params'
2019-06-11 13:40:02,039 - werkzeug - INFO - 127.0.0.1 - - [11/Jun/2019 13:40:02] "[1m[35mPOST /api/v1.0/events HTTP/1.1[0m" 500 -
2019-06-11 13:41:43,815 - werkzeug - INFO -  * Detected change in 'C:\\Code\\EventBriteModule\\server.py', reloading
2019-06-11 13:41:43,862 - werkzeug - INFO -  * Restarting with stat
2019-06-11 13:41:44,537 - werkzeug - WARNING -  * Debugger is active!
2019-06-11 13:41:44,553 - werkzeug - INFO -  * Debugger PIN: 168-521-222
2019-06-11 13:41:45,397 - werkzeug - INFO -  * Running on http://0.0.0.0:8080/ (Press CTRL+C to quit)
2019-06-11 13:41:43,893 - werkzeug - INFO -  * Detected change in 'C:\\Code\\EventBriteModule\\server.py', reloading
2019-06-11 13:42:03,867 - werkzeug - INFO -  * Restarting with stat
2019-06-11 13:42:04,438 - werkzeug - WARNING -  * Debugger is active!
2019-06-11 13:42:04,448 - werkzeug - INFO -  * Debugger PIN: 188-581-855
2019-06-11 13:42:06,914 - werkzeug - INFO -  * Restarting with stat
2019-06-11 13:42:07,447 - werkzeug - WARNING -  * Debugger is active!
2019-06-11 13:42:07,457 - werkzeug - INFO -  * Debugger PIN: 188-581-855
2019-06-11 13:42:08,314 - werkzeug - INFO -  * Running on http://0.0.0.0:8080/ (Press CTRL+C to quit)
2019-06-11 13:42:34,888 - flask.app - ERROR - Exception on /api/v1.0/events [POST]
Traceback (most recent call last):
  File "C:\Users\Brian Delaney\EventBrite\lib\site-packages\flask\app.py", line 1832, in full_dispatch_request
    rv = self.dispatch_request()
  File "C:\Users\Brian Delaney\EventBrite\lib\site-packages\flask\app.py", line 1818, in dispatch_request
    return self.view_functions[rule.endpoint](**req.view_args)
  File "C:\Users\Brian Delaney\EventBrite\lib\site-packages\flask_restplus\api.py", line 325, in wrapper
    resp = resource(*args, **kwargs)
  File "C:\Users\Brian Delaney\EventBrite\lib\site-packages\flask\views.py", line 88, in view
    return self.dispatch_request(*args, **kwargs)
  File "C:\Users\Brian Delaney\EventBrite\lib\site-packages\flask_restplus\resource.py", line 44, in dispatch_request
    resp = meth(*args, **kwargs)
  File "C:\Users\Brian Delaney\EventBrite\lib\site-packages\flask_restplus\marshalling.py", line 136, in wrapper
    resp = f(*args, **kwargs)
  File "C:\Code\EventBriteModule\server.py", line 31, in post
    search_topic = request_info['query']
KeyError: 'query'
2019-06-11 13:42:34,904 - werkzeug - INFO - 127.0.0.1 - - [11/Jun/2019 13:42:34] "POST /api/v1.0/events HTTP/1.1" 500 -
2019-06-11 13:42:51,334 - werkzeug - INFO - 127.0.0.1 - - [11/Jun/2019 13:42:51] "GET / HTTP/1.1" 200 -
2019-06-11 13:42:51,412 - werkzeug - INFO - 127.0.0.1 - - [11/Jun/2019 13:42:51] "GET /swaggerui/droid-sans.css HTTP/1.1" 200 -
2019-06-11 13:42:51,412 - werkzeug - INFO - 127.0.0.1 - - [11/Jun/2019 13:42:51] "GET /swaggerui/swagger-ui.css HTTP/1.1" 200 -
2019-06-11 13:42:51,412 - werkzeug - INFO - 127.0.0.1 - - [11/Jun/2019 13:42:51] "GET /swaggerui/swagger-ui-bundle.js HTTP/1.1" 200 -
2019-06-11 13:42:51,412 - werkzeug - INFO - 127.0.0.1 - - [11/Jun/2019 13:42:51] "GET /swaggerui/swagger-ui-standalone-preset.js HTTP/1.1" 200 -
2019-06-11 13:42:51,663 - werkzeug - INFO - 127.0.0.1 - - [11/Jun/2019 13:42:51] "GET /swagger.json HTTP/1.1" 200 -
2019-06-11 13:43:03,647 - flask.app - ERROR - Exception on /api/v1.0/events [POST]
Traceback (most recent call last):
  File "C:\Users\Brian Delaney\EventBrite\lib\site-packages\flask\app.py", line 1832, in full_dispatch_request
    rv = self.dispatch_request()
  File "C:\Users\Brian Delaney\EventBrite\lib\site-packages\flask\app.py", line 1818, in dispatch_request
    return self.view_functions[rule.endpoint](**req.view_args)
  File "C:\Users\Brian Delaney\EventBrite\lib\site-packages\flask_restplus\api.py", line 325, in wrapper
    resp = resource(*args, **kwargs)
  File "C:\Users\Brian Delaney\EventBrite\lib\site-packages\flask\views.py", line 88, in view
    return self.dispatch_request(*args, **kwargs)
  File "C:\Users\Brian Delaney\EventBrite\lib\site-packages\flask_restplus\resource.py", line 44, in dispatch_request
    resp = meth(*args, **kwargs)
  File "C:\Users\Brian Delaney\EventBrite\lib\site-packages\flask_restplus\marshalling.py", line 136, in wrapper
    resp = f(*args, **kwargs)
  File "C:\Code\EventBriteModule\server.py", line 31, in post
    search_topic = request_info['query']
KeyError: 'query'
2019-06-11 13:43:03,647 - werkzeug - INFO - 127.0.0.1 - - [11/Jun/2019 13:43:03] "POST /api/v1.0/events HTTP/1.1" 500 -
2019-06-11 13:43:40,062 - werkzeug - INFO -  * Detected change in 'C:\\Code\\EventBriteModule\\server.py', reloading
2019-06-11 13:43:40,111 - werkzeug - INFO -  * Restarting with stat
2019-06-11 13:43:40,271 - werkzeug - INFO -  * Detected change in 'C:\\Code\\EventBriteModule\\server.py', reloading
2019-06-11 13:43:40,324 - werkzeug - INFO -  * Restarting with stat
2019-06-11 13:43:40,775 - werkzeug - WARNING -  * Debugger is active!
2019-06-11 13:43:40,775 - werkzeug - INFO -  * Debugger PIN: 188-581-855
2019-06-11 13:43:41,292 - werkzeug - WARNING -  * Debugger is active!
2019-06-11 13:43:41,308 - werkzeug - INFO -  * Debugger PIN: 168-521-222
2019-06-11 13:43:41,624 - werkzeug - INFO -  * Running on http://0.0.0.0:8080/ (Press CTRL+C to quit)
2019-06-11 13:43:42,164 - werkzeug - INFO -  * Running on http://0.0.0.0:8080/ (Press CTRL+C to quit)
2019-06-11 13:43:52,960 - werkzeug - INFO -  * Restarting with stat
2019-06-11 13:43:53,600 - werkzeug - WARNING -  * Debugger is active!
2019-06-11 13:43:53,616 - werkzeug - INFO -  * Debugger PIN: 168-521-222
2019-06-11 13:43:54,444 - werkzeug - INFO -  * Running on http://0.0.0.0:8080/ (Press CTRL+C to quit)
2019-06-11 13:44:09,573 - urllib3.connectionpool - DEBUG - Starting new HTTPS connection (1): secure.meetup.com:443
2019-06-11 13:44:10,148 - urllib3.connectionpool - DEBUG - https://secure.meetup.com:443 "POST /oauth2/access?client_id=a4t8djnuofg711ol9n123d5kqr&client_secret=621ss2n05shh4jj8n5ede6oh92&grant_type=refresh_token&refresh_token=14c958013bee8d48b911f78389d7d1dd HTTP/1.1" 200 130
2019-06-11 13:44:10,148 - urllib3.connectionpool - DEBUG - Starting new HTTPS connection (1): api.meetup.com:443
2019-06-11 13:44:10,398 - urllib3.connectionpool - DEBUG - https://api.meetup.com:443 "GET /find/upcoming_events?lat=-6.2592&lon=53.3472&radius=30&topic_category=34&text=python HTTP/1.1" 404 63
2019-06-11 13:44:10,398 - root - ERROR - Traceback (most recent call last):
  File "C:\Code\EventBriteModule\meetup.py", line 29, in get_events
    event_results = get_meetup_events(lat, lng, radius, keyword)
  File "C:\Code\EventBriteModule\meetup.py", line 60, in get_meetup_events
    return content['events']
KeyError: 'events'

2019-06-11 13:44:10,398 - urllib3.connectionpool - DEBUG - Starting new HTTPS connection (1): www.eventbriteapi.com:443
2019-06-11 13:44:10,805 - urllib3.connectionpool - DEBUG - https://www.eventbriteapi.com:443 "GET /v3/events/search?categories=102&location.longitude=53.3472&location.latitude=-6.2592&expand=venue&page=0 HTTP/1.1" 301 None
2019-06-11 13:44:11,102 - urllib3.connectionpool - DEBUG - https://www.eventbriteapi.com:443 "GET /v3/events/search/?categories=102&location.longitude=53.3472&location.latitude=-6.2592&expand=venue&page=0 HTTP/1.1" 200 157
2019-06-11 13:44:11,102 - flask.app - ERROR - Exception on /api/v1.0/events [POST]
Traceback (most recent call last):
  File "C:\Users\Brian Delaney\EventBrite\lib\site-packages\flask\app.py", line 1832, in full_dispatch_request
    rv = self.dispatch_request()
  File "C:\Users\Brian Delaney\EventBrite\lib\site-packages\flask\app.py", line 1818, in dispatch_request
    return self.view_functions[rule.endpoint](**req.view_args)
  File "C:\Users\Brian Delaney\EventBrite\lib\site-packages\flask_restplus\api.py", line 325, in wrapper
    resp = resource(*args, **kwargs)
  File "C:\Users\Brian Delaney\EventBrite\lib\site-packages\flask\views.py", line 88, in view
    return self.dispatch_request(*args, **kwargs)
  File "C:\Users\Brian Delaney\EventBrite\lib\site-packages\flask_restplus\resource.py", line 44, in dispatch_request
    resp = meth(*args, **kwargs)
  File "C:\Users\Brian Delaney\EventBrite\lib\site-packages\flask_restplus\marshalling.py", line 136, in wrapper
    resp = f(*args, **kwargs)
  File "C:\Code\EventBriteModule\server.py", line 34, in post
    events = get_events(search_topic, search_lat, search_lng)
  File "C:\Code\EventBriteModule\events.py", line 8, in get_events
    return meetup_events + eventbrite_events
TypeError: unsupported operand type(s) for +: 'dict' and 'dict'
2019-06-11 13:44:11,102 - werkzeug - INFO - 127.0.0.1 - - [11/Jun/2019 13:44:11] "POST /api/v1.0/events HTTP/1.1" 500 -
2019-06-11 13:45:18,038 - werkzeug - INFO -  * Detected change in 'C:\\Code\\EventBriteModule\\events.py', reloading
2019-06-11 13:45:18,101 - werkzeug - INFO -  * Restarting with stat
2019-06-11 13:45:18,787 - werkzeug - WARNING -  * Debugger is active!
2019-06-11 13:45:18,787 - werkzeug - INFO -  * Debugger PIN: 168-521-222
2019-06-11 13:45:19,646 - werkzeug - INFO -  * Running on http://0.0.0.0:8080/ (Press CTRL+C to quit)
2019-06-11 13:45:40,116 - werkzeug - INFO -  * Restarting with stat
2019-06-11 13:45:40,772 - werkzeug - WARNING -  * Debugger is active!
2019-06-11 13:45:40,787 - werkzeug - INFO -  * Debugger PIN: 168-521-222
2019-06-11 13:45:41,633 - werkzeug - INFO -  * Running on http://0.0.0.0:8080/ (Press CTRL+C to quit)
2019-06-11 13:45:44,756 - urllib3.connectionpool - DEBUG - Starting new HTTPS connection (1): secure.meetup.com:443
2019-06-11 13:45:45,351 - urllib3.connectionpool - DEBUG - https://secure.meetup.com:443 "POST /oauth2/access?client_id=a4t8djnuofg711ol9n123d5kqr&client_secret=621ss2n05shh4jj8n5ede6oh92&grant_type=refresh_token&refresh_token=14c958013bee8d48b911f78389d7d1dd HTTP/1.1" 200 131
2019-06-11 13:45:45,351 - urllib3.connectionpool - DEBUG - Starting new HTTPS connection (1): api.meetup.com:443
2019-06-11 13:45:45,679 - urllib3.connectionpool - DEBUG - https://api.meetup.com:443 "GET /find/upcoming_events?lat=-6.2592&lon=53.3472&radius=30&topic_category=34&text=python HTTP/1.1" 404 63
2019-06-11 13:45:45,679 - root - ERROR - Traceback (most recent call last):
  File "C:\Code\EventBriteModule\meetup.py", line 29, in get_events
    event_results = get_meetup_events(lat, lng, radius, keyword)
  File "C:\Code\EventBriteModule\meetup.py", line 60, in get_meetup_events
    return content['events']
KeyError: 'events'

2019-06-11 13:45:45,679 - urllib3.connectionpool - DEBUG - Starting new HTTPS connection (1): www.eventbriteapi.com:443
2019-06-11 13:45:46,054 - urllib3.connectionpool - DEBUG - https://www.eventbriteapi.com:443 "GET /v3/events/search?categories=102&location.longitude=53.3472&location.latitude=-6.2592&expand=venue&page=0 HTTP/1.1" 301 None
2019-06-11 13:45:46,257 - urllib3.connectionpool - DEBUG - https://www.eventbriteapi.com:443 "GET /v3/events/search/?categories=102&location.longitude=53.3472&location.latitude=-6.2592&expand=venue&page=0 HTTP/1.1" 200 157
2019-06-11 13:45:46,257 - flask.app - ERROR - Exception on /api/v1.0/events [POST]
Traceback (most recent call last):
  File "C:\Users\Brian Delaney\EventBrite\lib\site-packages\flask\app.py", line 1832, in full_dispatch_request
    rv = self.dispatch_request()
  File "C:\Users\Brian Delaney\EventBrite\lib\site-packages\flask\app.py", line 1818, in dispatch_request
    return self.view_functions[rule.endpoint](**req.view_args)
  File "C:\Users\Brian Delaney\EventBrite\lib\site-packages\flask_restplus\api.py", line 325, in wrapper
    resp = resource(*args, **kwargs)
  File "C:\Users\Brian Delaney\EventBrite\lib\site-packages\flask\views.py", line 88, in view
    return self.dispatch_request(*args, **kwargs)
  File "C:\Users\Brian Delaney\EventBrite\lib\site-packages\flask_restplus\resource.py", line 44, in dispatch_request
    resp = meth(*args, **kwargs)
  File "C:\Users\Brian Delaney\EventBrite\lib\site-packages\flask_restplus\marshalling.py", line 136, in wrapper
    resp = f(*args, **kwargs)
  File "C:\Code\EventBriteModule\server.py", line 34, in post
    events = get_events(search_topic, search_lat, search_lng)
  File "C:\Code\EventBriteModule\events.py", line 11, in get_events
    return meetup_events + eventbrite_events
TypeError: unsupported operand type(s) for +: 'dict' and 'dict'
2019-06-11 13:45:46,257 - werkzeug - INFO - 127.0.0.1 - - [11/Jun/2019 13:45:46] "POST /api/v1.0/events HTTP/1.1" 500 -
2019-06-11 13:47:04,163 - werkzeug - INFO -  * Detected change in 'C:\\Code\\EventBriteModule\\meetup.py', reloading
2019-06-11 13:47:04,225 - werkzeug - INFO -  * Restarting with stat
2019-06-11 13:47:05,033 - werkzeug - WARNING -  * Debugger is active!
2019-06-11 13:47:05,038 - werkzeug - INFO -  * Debugger PIN: 168-521-222
2019-06-11 13:47:05,882 - werkzeug - INFO -  * Running on http://0.0.0.0:8080/ (Press CTRL+C to quit)
2019-06-11 13:48:45,241 - werkzeug - INFO -  * Detected change in 'C:\\Code\\EventBriteModule\\meetup.py', reloading
2019-06-11 13:48:45,288 - werkzeug - INFO -  * Restarting with stat
2019-06-11 13:48:46,116 - werkzeug - WARNING -  * Debugger is active!
2019-06-11 13:48:46,116 - werkzeug - INFO -  * Debugger PIN: 168-521-222
2019-06-11 13:48:46,975 - werkzeug - INFO -  * Running on http://0.0.0.0:8080/ (Press CTRL+C to quit)
2019-06-11 13:49:04,960 - werkzeug - INFO -  * Restarting with stat
2019-06-11 13:49:05,647 - werkzeug - WARNING -  * Debugger is active!
2019-06-11 13:49:05,662 - werkzeug - INFO -  * Debugger PIN: 168-521-222
2019-06-11 13:49:06,506 - werkzeug - INFO -  * Running on http://0.0.0.0:8080/ (Press CTRL+C to quit)
2019-06-11 13:49:11,413 - urllib3.connectionpool - DEBUG - Starting new HTTPS connection (1): secure.meetup.com:443
2019-06-11 13:49:11,960 - urllib3.connectionpool - DEBUG - https://secure.meetup.com:443 "POST /oauth2/access?client_id=a4t8djnuofg711ol9n123d5kqr&client_secret=621ss2n05shh4jj8n5ede6oh92&grant_type=refresh_token&refresh_token=14c958013bee8d48b911f78389d7d1dd HTTP/1.1" 200 131
2019-06-11 13:49:11,976 - urllib3.connectionpool - DEBUG - Starting new HTTPS connection (1): api.meetup.com:443
2019-06-11 13:49:12,163 - urllib3.connectionpool - DEBUG - https://api.meetup.com:443 "GET /find/upcoming_events?lat=-6.2592&lon=53.3472&radius=30&topic_category=34&text=python HTTP/1.1" 404 63
2019-06-11 13:49:12,163 - root - ERROR - Traceback (most recent call last):
  File "C:\Code\EventBriteModule\meetup.py", line 29, in get_events
    event_results = get_meetup_events(lat, lng, radius, keyword)
  File "C:\Code\EventBriteModule\meetup.py", line 60, in get_meetup_events
    return content['events']
KeyError: 'events'

2019-06-11 13:49:12,163 - urllib3.connectionpool - DEBUG - Starting new HTTPS connection (1): www.eventbriteapi.com:443
2019-06-11 13:49:12,601 - urllib3.connectionpool - DEBUG - https://www.eventbriteapi.com:443 "GET /v3/events/search?categories=102&location.longitude=53.3472&location.latitude=-6.2592&expand=venue&page=0 HTTP/1.1" 301 None
2019-06-11 13:49:13,350 - urllib3.connectionpool - DEBUG - https://www.eventbriteapi.com:443 "GET /v3/events/search/?categories=102&location.longitude=53.3472&location.latitude=-6.2592&expand=venue&page=0 HTTP/1.1" 200 157
2019-06-11 13:49:13,350 - flask.app - ERROR - Exception on /api/v1.0/events [POST]
Traceback (most recent call last):
  File "C:\Users\Brian Delaney\EventBrite\lib\site-packages\flask\app.py", line 1832, in full_dispatch_request
    rv = self.dispatch_request()
  File "C:\Users\Brian Delaney\EventBrite\lib\site-packages\flask\app.py", line 1818, in dispatch_request
    return self.view_functions[rule.endpoint](**req.view_args)
  File "C:\Users\Brian Delaney\EventBrite\lib\site-packages\flask_restplus\api.py", line 325, in wrapper
    resp = resource(*args, **kwargs)
  File "C:\Users\Brian Delaney\EventBrite\lib\site-packages\flask\views.py", line 88, in view
    return self.dispatch_request(*args, **kwargs)
  File "C:\Users\Brian Delaney\EventBrite\lib\site-packages\flask_restplus\resource.py", line 44, in dispatch_request
    resp = meth(*args, **kwargs)
  File "C:\Users\Brian Delaney\EventBrite\lib\site-packages\flask_restplus\marshalling.py", line 136, in wrapper
    resp = f(*args, **kwargs)
  File "C:\Code\EventBriteModule\server.py", line 34, in post
    events = get_events(search_topic, search_lat, search_lng)
  File "C:\Code\EventBriteModule\events.py", line 11, in get_events
    return meetup_events + eventbrite_events
TypeError: unsupported operand type(s) for +: 'dict' and 'dict'
2019-06-11 13:49:13,366 - werkzeug - INFO - 127.0.0.1 - - [11/Jun/2019 13:49:13] "POST /api/v1.0/events HTTP/1.1" 500 -
2019-06-11 13:50:03,756 - werkzeug - INFO -  * Detected change in 'C:\\Code\\EventBriteModule\\server.py', reloading
2019-06-11 13:50:03,819 - werkzeug - INFO -  * Restarting with stat
2019-06-11 13:50:04,352 - werkzeug - INFO -  * Detected change in 'C:\\Code\\EventBriteModule\\server.py', reloading
2019-06-11 13:50:04,414 - werkzeug - INFO -  * Restarting with stat
2019-06-11 13:50:04,569 - werkzeug - WARNING -  * Debugger is active!
2019-06-11 13:50:04,569 - werkzeug - INFO -  * Debugger PIN: 168-521-222
2019-06-11 13:50:05,116 - werkzeug - WARNING -  * Debugger is active!
2019-06-11 13:50:05,116 - werkzeug - INFO -  * Debugger PIN: 168-521-222
2019-06-11 13:50:05,429 - werkzeug - INFO -  * Running on http://0.0.0.0:8080/ (Press CTRL+C to quit)
2019-06-11 13:50:05,975 - werkzeug - INFO -  * Running on http://0.0.0.0:8080/ (Press CTRL+C to quit)
2019-06-11 13:50:09,644 - urllib3.connectionpool - DEBUG - Starting new HTTPS connection (1): secure.meetup.com:443
2019-06-11 13:50:10,288 - urllib3.connectionpool - DEBUG - https://secure.meetup.com:443 "POST /oauth2/access?client_id=a4t8djnuofg711ol9n123d5kqr&client_secret=621ss2n05shh4jj8n5ede6oh92&grant_type=refresh_token&refresh_token=14c958013bee8d48b911f78389d7d1dd HTTP/1.1" 200 131
2019-06-11 13:50:10,304 - urllib3.connectionpool - DEBUG - Starting new HTTPS connection (1): api.meetup.com:443
2019-06-11 13:50:10,538 - urllib3.connectionpool - DEBUG - https://api.meetup.com:443 "GET /find/upcoming_events?lat=-6.2592&lon=53.3472&radius=30&topic_category=34&text=python HTTP/1.1" 404 63
2019-06-11 13:50:10,539 - root - ERROR - Traceback (most recent call last):
  File "C:\Code\EventBriteModule\meetup.py", line 29, in get_events
    event_results = get_meetup_events(lat, lng, radius, keyword)
  File "C:\Code\EventBriteModule\meetup.py", line 60, in get_meetup_events
    return content['events']
KeyError: 'events'

2019-06-11 13:50:10,539 - urllib3.connectionpool - DEBUG - Starting new HTTPS connection (1): www.eventbriteapi.com:443
2019-06-11 13:50:10,945 - urllib3.connectionpool - DEBUG - https://www.eventbriteapi.com:443 "GET /v3/events/search?categories=102&location.longitude=53.3472&location.latitude=-6.2592&expand=venue&page=0 HTTP/1.1" 301 None
2019-06-11 13:50:11,226 - urllib3.connectionpool - DEBUG - https://www.eventbriteapi.com:443 "GET /v3/events/search/?categories=102&location.longitude=53.3472&location.latitude=-6.2592&expand=venue&page=0 HTTP/1.1" 200 157
2019-06-11 13:50:11,226 - flask.app - ERROR - Exception on /api/v1.0/events [POST]
Traceback (most recent call last):
  File "C:\Users\Brian Delaney\EventBrite\lib\site-packages\flask\app.py", line 1832, in full_dispatch_request
    rv = self.dispatch_request()
  File "C:\Users\Brian Delaney\EventBrite\lib\site-packages\flask\app.py", line 1818, in dispatch_request
    return self.view_functions[rule.endpoint](**req.view_args)
  File "C:\Users\Brian Delaney\EventBrite\lib\site-packages\flask_restplus\api.py", line 325, in wrapper
    resp = resource(*args, **kwargs)
  File "C:\Users\Brian Delaney\EventBrite\lib\site-packages\flask\views.py", line 88, in view
    return self.dispatch_request(*args, **kwargs)
  File "C:\Users\Brian Delaney\EventBrite\lib\site-packages\flask_restplus\resource.py", line 44, in dispatch_request
    resp = meth(*args, **kwargs)
  File "C:\Users\Brian Delaney\EventBrite\lib\site-packages\flask_restplus\marshalling.py", line 136, in wrapper
    resp = f(*args, **kwargs)
  File "C:\Code\EventBriteModule\server.py", line 32, in post
    events = get_events(search_topic, search_lat, search_lng)
  File "C:\Code\EventBriteModule\events.py", line 11, in get_events
    return meetup_events + eventbrite_events
TypeError: unsupported operand type(s) for +: 'dict' and 'dict'
2019-06-11 13:50:11,242 - werkzeug - INFO - 127.0.0.1 - - [11/Jun/2019 13:50:11] "POST /api/v1.0/events HTTP/1.1" 500 -
2019-06-11 13:54:09,726 - werkzeug - INFO -  * Detected change in 'C:\\Code\\EventBriteModule\\events.py', reloading
2019-06-11 13:54:09,773 - werkzeug - INFO -  * Restarting with stat
2019-06-11 13:54:10,225 - werkzeug - INFO -  * Restarting with stat
2019-06-11 13:54:10,288 - werkzeug - INFO -  * Detected change in 'C:\\Code\\EventBriteModule\\events.py', reloading
2019-06-11 13:54:10,350 - werkzeug - INFO -  * Restarting with stat
2019-06-11 13:54:10,554 - werkzeug - WARNING -  * Debugger is active!
2019-06-11 13:54:10,570 - werkzeug - INFO -  * Debugger PIN: 168-521-222
2019-06-11 13:54:10,992 - werkzeug - WARNING -  * Debugger is active!
2019-06-11 13:54:11,007 - werkzeug - INFO -  * Debugger PIN: 168-521-222
2019-06-11 13:54:11,116 - werkzeug - WARNING -  * Debugger is active!
2019-06-11 13:54:11,132 - werkzeug - INFO -  * Debugger PIN: 168-521-222
2019-06-11 13:54:11,413 - werkzeug - INFO -  * Running on http://0.0.0.0:8080/ (Press CTRL+C to quit)
2019-06-11 13:54:11,868 - werkzeug - INFO -  * Running on http://0.0.0.0:8080/ (Press CTRL+C to quit)
2019-06-11 13:54:11,977 - werkzeug - INFO -  * Running on http://0.0.0.0:8080/ (Press CTRL+C to quit)
2019-06-11 13:54:14,727 - urllib3.connectionpool - DEBUG - Starting new HTTPS connection (1): secure.meetup.com:443
2019-06-11 13:54:15,320 - urllib3.connectionpool - DEBUG - https://secure.meetup.com:443 "POST /oauth2/access?client_id=a4t8djnuofg711ol9n123d5kqr&client_secret=621ss2n05shh4jj8n5ede6oh92&grant_type=refresh_token&refresh_token=14c958013bee8d48b911f78389d7d1dd HTTP/1.1" 200 131
2019-06-11 13:54:15,320 - urllib3.connectionpool - DEBUG - Starting new HTTPS connection (1): api.meetup.com:443
2019-06-11 13:54:15,539 - urllib3.connectionpool - DEBUG - https://api.meetup.com:443 "GET /find/upcoming_events?lat=-6.2592&lon=53.3472&radius=30&topic_category=34&text=python HTTP/1.1" 404 63
2019-06-11 13:54:15,539 - root - ERROR - Traceback (most recent call last):
  File "C:\Code\EventBriteModule\meetup.py", line 29, in get_events
    event_results = get_meetup_events(lat, lng, radius, keyword)
  File "C:\Code\EventBriteModule\meetup.py", line 60, in get_meetup_events
    return content['events']
KeyError: 'events'

2019-06-11 13:54:15,539 - werkzeug - INFO - 127.0.0.1 - - [11/Jun/2019 13:54:15] "POST /api/v1.0/events HTTP/1.1" 200 -
2019-06-11 13:54:28,726 - urllib3.connectionpool - DEBUG - Starting new HTTPS connection (1): secure.meetup.com:443
2019-06-11 13:54:28,914 - urllib3.connectionpool - DEBUG - https://secure.meetup.com:443 "POST /oauth2/access?client_id=a4t8djnuofg711ol9n123d5kqr&client_secret=621ss2n05shh4jj8n5ede6oh92&grant_type=refresh_token&refresh_token=14c958013bee8d48b911f78389d7d1dd HTTP/1.1" 200 132
2019-06-11 13:54:28,929 - urllib3.connectionpool - DEBUG - Starting new HTTPS connection (1): api.meetup.com:443
2019-06-11 13:54:29,119 - urllib3.connectionpool - DEBUG - https://api.meetup.com:443 "GET /find/upcoming_events?lat=-6.2592&lon=53.3472&radius=30&topic_category=34&text=python HTTP/1.1" 404 63
2019-06-11 13:54:29,119 - root - ERROR - Traceback (most recent call last):
  File "C:\Code\EventBriteModule\meetup.py", line 29, in get_events
    event_results = get_meetup_events(lat, lng, radius, keyword)
  File "C:\Code\EventBriteModule\meetup.py", line 60, in get_meetup_events
    return content['events']
KeyError: 'events'

2019-06-11 13:54:29,119 - werkzeug - INFO - 127.0.0.1 - - [11/Jun/2019 13:54:29] "POST /api/v1.0/events HTTP/1.1" 200 -
2019-06-11 13:54:47,569 - werkzeug - INFO -  * Detected change in 'C:\\Code\\EventBriteModule\\eventbrite.py', reloading
2019-06-11 13:54:47,616 - werkzeug - INFO -  * Restarting with stat
2019-06-11 13:54:47,960 - werkzeug - INFO -  * Detected change in 'C:\\Code\\EventBriteModule\\eventbrite.py', reloading
2019-06-11 13:54:48,007 - werkzeug - INFO -  * Restarting with stat
2019-06-11 13:54:48,087 - werkzeug - INFO -  * Detected change in 'C:\\Code\\EventBriteModule\\eventbrite.py', reloading
2019-06-11 13:54:48,165 - werkzeug - INFO -  * Restarting with stat
2019-06-11 13:54:48,446 - werkzeug - WARNING -  * Debugger is active!
2019-06-11 13:54:48,462 - werkzeug - INFO -  * Debugger PIN: 168-521-222
2019-06-11 13:54:48,849 - werkzeug - WARNING -  * Debugger is active!
2019-06-11 13:54:48,857 - werkzeug - INFO -  * Debugger PIN: 168-521-222
2019-06-11 13:54:48,984 - werkzeug - WARNING -  * Debugger is active!
2019-06-11 13:54:48,991 - werkzeug - INFO -  * Debugger PIN: 168-521-222
2019-06-11 13:54:49,298 - werkzeug - INFO -  * Running on http://0.0.0.0:8080/ (Press CTRL+C to quit)
2019-06-11 13:54:49,695 - werkzeug - INFO -  * Running on http://0.0.0.0:8080/ (Press CTRL+C to quit)
2019-06-11 13:54:49,836 - werkzeug - INFO -  * Running on http://0.0.0.0:8080/ (Press CTRL+C to quit)
2019-06-11 13:54:51,796 - urllib3.connectionpool - DEBUG - Starting new HTTPS connection (1): secure.meetup.com:443
2019-06-11 13:54:52,374 - urllib3.connectionpool - DEBUG - https://secure.meetup.com:443 "POST /oauth2/access?client_id=a4t8djnuofg711ol9n123d5kqr&client_secret=621ss2n05shh4jj8n5ede6oh92&grant_type=refresh_token&refresh_token=14c958013bee8d48b911f78389d7d1dd HTTP/1.1" 200 132
2019-06-11 13:54:52,384 - urllib3.connectionpool - DEBUG - Starting new HTTPS connection (1): api.meetup.com:443
2019-06-11 13:54:52,594 - urllib3.connectionpool - DEBUG - https://api.meetup.com:443 "GET /find/upcoming_events?lat=-6.2592&lon=53.3472&radius=30&topic_category=34&text=python HTTP/1.1" 404 63
2019-06-11 13:54:52,597 - root - ERROR - Traceback (most recent call last):
  File "C:\Code\EventBriteModule\meetup.py", line 29, in get_events
    event_results = get_meetup_events(lat, lng, radius, keyword)
  File "C:\Code\EventBriteModule\meetup.py", line 60, in get_meetup_events
    return content['events']
KeyError: 'events'

2019-06-11 13:54:52,597 - werkzeug - INFO - 127.0.0.1 - - [11/Jun/2019 13:54:52] "POST /api/v1.0/events HTTP/1.1" 200 -
2019-06-11 13:55:17,461 - werkzeug - INFO -  * Detected change in 'C:\\Code\\EventBriteModule\\events.py', reloading
2019-06-11 13:55:17,510 - werkzeug - INFO -  * Detected change in 'C:\\Code\\EventBriteModule\\events.py', reloading
2019-06-11 13:55:17,531 - werkzeug - INFO -  * Restarting with stat
2019-06-11 13:55:17,585 - werkzeug - INFO -  * Restarting with stat
2019-06-11 13:55:18,241 - werkzeug - INFO -  * Detected change in 'C:\\Code\\EventBriteModule\\events.py', reloading
2019-06-11 13:55:18,288 - werkzeug - INFO -  * Restarting with stat
2019-06-11 13:55:18,382 - werkzeug - WARNING -  * Debugger is active!
2019-06-11 13:55:18,398 - werkzeug - WARNING -  * Debugger is active!
2019-06-11 13:55:18,413 - werkzeug - INFO -  * Debugger PIN: 168-521-222
2019-06-11 13:55:18,413 - werkzeug - INFO -  * Debugger PIN: 168-521-222
2019-06-11 13:55:19,086 - werkzeug - WARNING -  * Debugger is active!
2019-06-11 13:55:19,086 - werkzeug - INFO -  * Debugger PIN: 168-521-222
2019-06-11 13:55:19,258 - werkzeug - INFO -  * Running on http://0.0.0.0:8080/ (Press CTRL+C to quit)
2019-06-11 13:55:19,273 - werkzeug - INFO -  * Running on http://0.0.0.0:8080/ (Press CTRL+C to quit)
2019-06-11 13:55:19,946 - werkzeug - INFO -  * Running on http://0.0.0.0:8080/ (Press CTRL+C to quit)
2019-06-11 13:55:23,055 - urllib3.connectionpool - DEBUG - Starting new HTTPS connection (1): www.eventbriteapi.com:443
2019-06-11 13:55:23,840 - urllib3.connectionpool - DEBUG - https://www.eventbriteapi.com:443 "GET /v3/events/search?categories=102&location.longitude=53.3472&location.latitude=-6.2592&expand=venue&page=0 HTTP/1.1" 301 None
2019-06-11 13:55:24,087 - urllib3.connectionpool - DEBUG - https://www.eventbriteapi.com:443 "GET /v3/events/search/?categories=102&location.longitude=53.3472&location.latitude=-6.2592&expand=venue&page=0 HTTP/1.1" 200 157
2019-06-11 13:55:24,087 - werkzeug - INFO - 127.0.0.1 - - [11/Jun/2019 13:55:24] "POST /api/v1.0/events HTTP/1.1" 200 -
2019-06-11 20:16:32,220 - werkzeug - INFO -  * Restarting with stat
2019-06-11 20:16:32,876 - werkzeug - WARNING -  * Debugger is active!
2019-06-11 20:16:32,876 - werkzeug - INFO -  * Debugger PIN: 168-521-222
2019-06-11 20:16:33,752 - werkzeug - INFO -  * Running on http://0.0.0.0:8080/ (Press CTRL+C to quit)
2019-06-11 20:16:44,079 - werkzeug - INFO - 127.0.0.1 - - [11/Jun/2019 20:16:44] "GET / HTTP/1.1" 200 -
2019-06-11 20:16:44,142 - werkzeug - INFO - 127.0.0.1 - - [11/Jun/2019 20:16:44] "GET /swaggerui/droid-sans.css HTTP/1.1" 200 -
2019-06-11 20:16:44,157 - werkzeug - INFO - 127.0.0.1 - - [11/Jun/2019 20:16:44] "GET /swaggerui/swagger-ui.css HTTP/1.1" 200 -
2019-06-11 20:16:44,329 - werkzeug - INFO - 127.0.0.1 - - [11/Jun/2019 20:16:44] "GET /swaggerui/favicon-32x32.png HTTP/1.1" 200 -
2019-06-11 20:16:44,392 - werkzeug - INFO - 127.0.0.1 - - [11/Jun/2019 20:16:44] "GET /swagger.json HTTP/1.1" 200 -
2019-06-11 20:17:15,408 - urllib3.connectionpool - DEBUG - Starting new HTTPS connection (1): www.eventbriteapi.com:443
2019-06-11 20:17:16,424 - urllib3.connectionpool - DEBUG - https://www.eventbriteapi.com:443 "GET /v3/events/search?categories=102&location.longitude=-6.266155&location.latitude=53.35014&expand=venue&page=0 HTTP/1.1" 301 None
2019-06-11 20:17:17,581 - urllib3.connectionpool - DEBUG - https://www.eventbriteapi.com:443 "GET /v3/events/search/?categories=102&location.longitude=-6.266155&location.latitude=53.35014&expand=venue&page=0 HTTP/1.1" 200 61981
2019-06-11 20:17:17,784 - urllib3.connectionpool - DEBUG - Starting new HTTPS connection (1): www.eventbriteapi.com:443
2019-06-11 20:17:18,236 - urllib3.connectionpool - DEBUG - https://www.eventbriteapi.com:443 "GET /v3/events/search?categories=102&location.longitude=-6.266155&location.latitude=53.35014&expand=venue&page=1 HTTP/1.1" 301 None
2019-06-11 20:17:19,188 - urllib3.connectionpool - DEBUG - https://www.eventbriteapi.com:443 "GET /v3/events/search/?categories=102&location.longitude=-6.266155&location.latitude=53.35014&expand=venue&page=1 HTTP/1.1" 200 61981
2019-06-11 20:17:19,407 - urllib3.connectionpool - DEBUG - Starting new HTTPS connection (1): www.eventbriteapi.com:443
2019-06-11 20:17:19,876 - urllib3.connectionpool - DEBUG - https://www.eventbriteapi.com:443 "GET /v3/events/search?categories=102&location.longitude=-6.266155&location.latitude=53.35014&expand=venue&page=2 HTTP/1.1" 301 None
2019-06-11 20:17:20,798 - urllib3.connectionpool - DEBUG - https://www.eventbriteapi.com:443 "GET /v3/events/search/?categories=102&location.longitude=-6.266155&location.latitude=53.35014&expand=venue&page=2 HTTP/1.1" 200 56581
2019-06-11 20:17:21,024 - urllib3.connectionpool - DEBUG - Starting new HTTPS connection (1): www.eventbriteapi.com:443
2019-06-11 20:17:21,473 - urllib3.connectionpool - DEBUG - https://www.eventbriteapi.com:443 "GET /v3/events/search?categories=102&location.longitude=-6.266155&location.latitude=53.35014&expand=venue&page=3 HTTP/1.1" 301 None
2019-06-11 20:17:21,798 - urllib3.connectionpool - DEBUG - https://www.eventbriteapi.com:443 "GET /v3/events/search/?categories=102&location.longitude=-6.266155&location.latitude=53.35014&expand=venue&page=3 HTTP/1.1" 200 2557
2019-06-11 20:17:21,908 - werkzeug - INFO - 127.0.0.1 - - [11/Jun/2019 20:17:21] "POST /api/v1.0/events HTTP/1.1" 200 -
2019-06-11 20:18:44,548 - werkzeug - INFO -  * Detected change in 'C:\\Code\\EventBriteModule\\events.py', reloading
2019-06-11 20:18:44,626 - werkzeug - INFO -  * Restarting with stat
2019-06-11 20:18:51,471 - werkzeug - INFO -  * Restarting with stat
2019-06-11 20:18:52,376 - werkzeug - WARNING -  * Debugger is active!
2019-06-11 20:18:52,376 - werkzeug - INFO -  * Debugger PIN: 168-521-222
2019-06-11 20:18:53,251 - werkzeug - INFO -  * Running on http://0.0.0.0:8080/ (Press CTRL+C to quit)
2019-06-11 20:19:03,362 - urllib3.connectionpool - DEBUG - Starting new HTTPS connection (1): secure.meetup.com:443
2019-06-11 20:19:04,080 - urllib3.connectionpool - DEBUG - https://secure.meetup.com:443 "POST /oauth2/access?client_id=a4t8djnuofg711ol9n123d5kqr&client_secret=621ss2n05shh4jj8n5ede6oh92&grant_type=refresh_token&refresh_token=14c958013bee8d48b911f78389d7d1dd HTTP/1.1" 200 131
2019-06-11 20:19:04,095 - urllib3.connectionpool - DEBUG - Starting new HTTPS connection (1): api.meetup.com:443
2019-06-11 20:19:04,533 - urllib3.connectionpool - DEBUG - https://api.meetup.com:443 "GET /find/upcoming_events?lat=53.35014&lon=-6.266155&radius=30&topic_category=34&text=python HTTP/1.1" 200 8206
2019-06-11 20:19:04,564 - werkzeug - INFO - 127.0.0.1 - - [11/Jun/2019 20:19:04] "POST /api/v1.0/events HTTP/1.1" 200 -
2019-06-11 20:19:55,267 - werkzeug - INFO -  * Restarting with stat
2019-06-11 20:19:56,141 - werkzeug - WARNING -  * Debugger is active!
2019-06-11 20:19:56,157 - werkzeug - INFO -  * Debugger PIN: 168-521-222
2019-06-11 20:19:57,018 - werkzeug - INFO -  * Running on http://0.0.0.0:8080/ (Press CTRL+C to quit)
2019-06-11 20:19:58,251 - urllib3.connectionpool - DEBUG - Starting new HTTPS connection (1): secure.meetup.com:443
2019-06-11 20:19:59,267 - urllib3.connectionpool - DEBUG - https://secure.meetup.com:443 "POST /oauth2/access?client_id=a4t8djnuofg711ol9n123d5kqr&client_secret=621ss2n05shh4jj8n5ede6oh92&grant_type=refresh_token&refresh_token=14c958013bee8d48b911f78389d7d1dd HTTP/1.1" 200 131
2019-06-11 20:19:59,267 - urllib3.connectionpool - DEBUG - Starting new HTTPS connection (1): api.meetup.com:443
2019-06-11 20:19:59,675 - urllib3.connectionpool - DEBUG - https://api.meetup.com:443 "GET /find/upcoming_events?lat=53.35014&lon=-6.266155&radius=30&topic_category=34&text=python HTTP/1.1" 200 8206
2019-06-11 20:19:59,690 - urllib3.connectionpool - DEBUG - Starting new HTTPS connection (1): www.eventbriteapi.com:443
2019-06-11 20:20:00,128 - urllib3.connectionpool - DEBUG - https://www.eventbriteapi.com:443 "GET /v3/events/search?categories=102&location.longitude=-6.266155&location.latitude=53.35014&expand=venue&page=0 HTTP/1.1" 301 None
2019-06-11 20:20:01,472 - urllib3.connectionpool - DEBUG - https://www.eventbriteapi.com:443 "GET /v3/events/search/?categories=102&location.longitude=-6.266155&location.latitude=53.35014&expand=venue&page=0 HTTP/1.1" 200 61981
2019-06-11 20:20:01,673 - urllib3.connectionpool - DEBUG - Starting new HTTPS connection (1): www.eventbriteapi.com:443
2019-06-11 20:20:02,110 - urllib3.connectionpool - DEBUG - https://www.eventbriteapi.com:443 "GET /v3/events/search?categories=102&location.longitude=-6.266155&location.latitude=53.35014&expand=venue&page=1 HTTP/1.1" 301 None
2019-06-11 20:20:03,626 - urllib3.connectionpool - DEBUG - https://www.eventbriteapi.com:443 "GET /v3/events/search/?categories=102&location.longitude=-6.266155&location.latitude=53.35014&expand=venue&page=1 HTTP/1.1" 200 61981
2019-06-11 20:20:03,829 - urllib3.connectionpool - DEBUG - Starting new HTTPS connection (1): www.eventbriteapi.com:443
2019-06-11 20:20:04,252 - urllib3.connectionpool - DEBUG - https://www.eventbriteapi.com:443 "GET /v3/events/search?categories=102&location.longitude=-6.266155&location.latitude=53.35014&expand=venue&page=2 HTTP/1.1" 301 None
2019-06-11 20:20:05,283 - urllib3.connectionpool - DEBUG - https://www.eventbriteapi.com:443 "GET /v3/events/search/?categories=102&location.longitude=-6.266155&location.latitude=53.35014&expand=venue&page=2 HTTP/1.1" 200 56581
2019-06-11 20:20:05,470 - urllib3.connectionpool - DEBUG - Starting new HTTPS connection (1): www.eventbriteapi.com:443
2019-06-11 20:20:05,908 - urllib3.connectionpool - DEBUG - https://www.eventbriteapi.com:443 "GET /v3/events/search?categories=102&location.longitude=-6.266155&location.latitude=53.35014&expand=venue&page=3 HTTP/1.1" 301 None
2019-06-11 20:20:06,204 - urllib3.connectionpool - DEBUG - https://www.eventbriteapi.com:443 "GET /v3/events/search/?categories=102&location.longitude=-6.266155&location.latitude=53.35014&expand=venue&page=3 HTTP/1.1" 200 2557
2019-06-11 20:20:06,345 - werkzeug - INFO - 127.0.0.1 - - [11/Jun/2019 20:20:06] "POST /api/v1.0/events HTTP/1.1" 200 -
2019-06-11 20:20:50,752 - werkzeug - INFO -  * Restarting with stat
2019-06-11 20:20:51,548 - werkzeug - WARNING -  * Debugger is active!
2019-06-11 20:20:51,548 - werkzeug - INFO -  * Debugger PIN: 168-521-222
2019-06-11 20:20:52,420 - werkzeug - INFO -  * Running on http://0.0.0.0:8080/ (Press CTRL+C to quit)
2019-06-11 20:20:52,435 - urllib3.connectionpool - DEBUG - Starting new HTTPS connection (1): secure.meetup.com:443
2019-06-11 20:20:53,096 - urllib3.connectionpool - DEBUG - https://secure.meetup.com:443 "POST /oauth2/access?client_id=a4t8djnuofg711ol9n123d5kqr&client_secret=621ss2n05shh4jj8n5ede6oh92&grant_type=refresh_token&refresh_token=14c958013bee8d48b911f78389d7d1dd HTTP/1.1" 200 132
2019-06-11 20:20:53,096 - urllib3.connectionpool - DEBUG - Starting new HTTPS connection (1): api.meetup.com:443
2019-06-11 20:20:53,628 - urllib3.connectionpool - DEBUG - https://api.meetup.com:443 "GET /find/upcoming_events?lat=53.35014&lon=-6.266155&radius=30&topic_category=34&text=python HTTP/1.1" 200 8206
2019-06-11 20:20:53,628 - urllib3.connectionpool - DEBUG - Starting new HTTPS connection (1): www.eventbriteapi.com:443
2019-06-11 20:20:54,080 - urllib3.connectionpool - DEBUG - https://www.eventbriteapi.com:443 "GET /v3/events/search?categories=102&location.longitude=-6.266155&location.latitude=53.35014&expand=venue&page=0 HTTP/1.1" 301 None
2019-06-11 20:20:55,023 - urllib3.connectionpool - DEBUG - https://www.eventbriteapi.com:443 "GET /v3/events/search/?categories=102&location.longitude=-6.266155&location.latitude=53.35014&expand=venue&page=0 HTTP/1.1" 200 61981
2019-06-11 20:20:55,206 - urllib3.connectionpool - DEBUG - Starting new HTTPS connection (1): www.eventbriteapi.com:443
2019-06-11 20:20:55,673 - urllib3.connectionpool - DEBUG - https://www.eventbriteapi.com:443 "GET /v3/events/search?categories=102&location.longitude=-6.266155&location.latitude=53.35014&expand=venue&page=1 HTTP/1.1" 301 None
2019-06-11 20:20:56,908 - urllib3.connectionpool - DEBUG - https://www.eventbriteapi.com:443 "GET /v3/events/search/?categories=102&location.longitude=-6.266155&location.latitude=53.35014&expand=venue&page=1 HTTP/1.1" 200 61981
2019-06-11 20:20:57,110 - urllib3.connectionpool - DEBUG - Starting new HTTPS connection (1): www.eventbriteapi.com:443
2019-06-11 20:20:57,549 - urllib3.connectionpool - DEBUG - https://www.eventbriteapi.com:443 "GET /v3/events/search?categories=102&location.longitude=-6.266155&location.latitude=53.35014&expand=venue&page=2 HTTP/1.1" 301 None
2019-06-11 20:20:58,510 - urllib3.connectionpool - DEBUG - https://www.eventbriteapi.com:443 "GET /v3/events/search/?categories=102&location.longitude=-6.266155&location.latitude=53.35014&expand=venue&page=2 HTTP/1.1" 200 56581
2019-06-11 20:20:58,720 - urllib3.connectionpool - DEBUG - Starting new HTTPS connection (1): www.eventbriteapi.com:443
2019-06-11 20:20:59,173 - urllib3.connectionpool - DEBUG - https://www.eventbriteapi.com:443 "GET /v3/events/search?categories=102&location.longitude=-6.266155&location.latitude=53.35014&expand=venue&page=3 HTTP/1.1" 301 None
2019-06-11 20:20:59,501 - urllib3.connectionpool - DEBUG - https://www.eventbriteapi.com:443 "GET /v3/events/search/?categories=102&location.longitude=-6.266155&location.latitude=53.35014&expand=venue&page=3 HTTP/1.1" 200 2557
2019-06-11 20:20:59,595 - werkzeug - INFO - 127.0.0.1 - - [11/Jun/2019 20:20:59] "POST /api/v1.0/events HTTP/1.1" 200 -
2019-06-11 20:21:42,986 - werkzeug - INFO -  * Restarting with stat
2019-06-11 20:21:43,720 - werkzeug - WARNING -  * Debugger is active!
2019-06-11 20:21:43,720 - werkzeug - INFO -  * Debugger PIN: 168-521-222
2019-06-11 20:21:44,612 - werkzeug - INFO -  * Running on http://0.0.0.0:8080/ (Press CTRL+C to quit)
2019-06-11 20:21:46,783 - urllib3.connectionpool - DEBUG - Starting new HTTPS connection (1): secure.meetup.com:443
2019-06-11 20:21:47,454 - urllib3.connectionpool - DEBUG - https://secure.meetup.com:443 "POST /oauth2/access?client_id=a4t8djnuofg711ol9n123d5kqr&client_secret=621ss2n05shh4jj8n5ede6oh92&grant_type=refresh_token&refresh_token=14c958013bee8d48b911f78389d7d1dd HTTP/1.1" 200 130
2019-06-11 20:21:47,470 - urllib3.connectionpool - DEBUG - Starting new HTTPS connection (1): api.meetup.com:443
2019-06-11 20:21:47,909 - urllib3.connectionpool - DEBUG - https://api.meetup.com:443 "GET /find/upcoming_events?lat=53.35014&lon=-6.266155&radius=30&topic_category=34&text=python HTTP/1.1" 200 8206
2019-06-11 20:21:47,909 - urllib3.connectionpool - DEBUG - Starting new HTTPS connection (1): www.eventbriteapi.com:443
2019-06-11 20:21:48,378 - urllib3.connectionpool - DEBUG - https://www.eventbriteapi.com:443 "GET /v3/events/search?categories=102&location.longitude=-6.266155&location.latitude=53.35014&expand=venue&page=0 HTTP/1.1" 301 None
2019-06-11 20:21:50,081 - urllib3.connectionpool - DEBUG - https://www.eventbriteapi.com:443 "GET /v3/events/search/?categories=102&location.longitude=-6.266155&location.latitude=53.35014&expand=venue&page=0 HTTP/1.1" 200 61981
2019-06-11 20:21:50,269 - urllib3.connectionpool - DEBUG - Starting new HTTPS connection (1): www.eventbriteapi.com:443
2019-06-11 20:21:50,721 - urllib3.connectionpool - DEBUG - https://www.eventbriteapi.com:443 "GET /v3/events/search?categories=102&location.longitude=-6.266155&location.latitude=53.35014&expand=venue&page=1 HTTP/1.1" 301 None
2019-06-11 20:21:51,783 - urllib3.connectionpool - DEBUG - https://www.eventbriteapi.com:443 "GET /v3/events/search/?categories=102&location.longitude=-6.266155&location.latitude=53.35014&expand=venue&page=1 HTTP/1.1" 200 61981
2019-06-11 20:21:51,986 - urllib3.connectionpool - DEBUG - Starting new HTTPS connection (1): www.eventbriteapi.com:443
2019-06-11 20:21:52,424 - urllib3.connectionpool - DEBUG - https://www.eventbriteapi.com:443 "GET /v3/events/search?categories=102&location.longitude=-6.266155&location.latitude=53.35014&expand=venue&page=2 HTTP/1.1" 301 None
2019-06-11 20:21:53,425 - urllib3.connectionpool - DEBUG - https://www.eventbriteapi.com:443 "GET /v3/events/search/?categories=102&location.longitude=-6.266155&location.latitude=53.35014&expand=venue&page=2 HTTP/1.1" 200 56581
2019-06-11 20:21:53,627 - urllib3.connectionpool - DEBUG - Starting new HTTPS connection (1): www.eventbriteapi.com:443
2019-06-11 20:21:54,065 - urllib3.connectionpool - DEBUG - https://www.eventbriteapi.com:443 "GET /v3/events/search?categories=102&location.longitude=-6.266155&location.latitude=53.35014&expand=venue&page=3 HTTP/1.1" 301 None
2019-06-11 20:21:54,346 - urllib3.connectionpool - DEBUG - https://www.eventbriteapi.com:443 "GET /v3/events/search/?categories=102&location.longitude=-6.266155&location.latitude=53.35014&expand=venue&page=3 HTTP/1.1" 200 2557
2019-06-11 20:21:54,455 - werkzeug - INFO - 127.0.0.1 - - [11/Jun/2019 20:21:54] "POST /api/v1.0/events HTTP/1.1" 200 -
2019-06-11 20:23:46,783 - werkzeug - INFO -  * Detected change in 'C:\\Code\\EventBriteModule\\api_models.py', reloading
2019-06-11 20:23:46,872 - werkzeug - INFO -  * Restarting with stat
2019-06-11 20:23:47,737 - werkzeug - WARNING -  * Debugger is active!
2019-06-11 20:23:47,737 - werkzeug - INFO -  * Debugger PIN: 168-521-222
2019-06-11 20:23:49,752 - werkzeug - INFO -  * Restarting with stat
2019-06-11 20:23:50,611 - werkzeug - WARNING -  * Debugger is active!
2019-06-11 20:23:50,611 - werkzeug - INFO -  * Debugger PIN: 168-521-222
2019-06-11 20:23:51,486 - werkzeug - INFO -  * Running on http://0.0.0.0:8080/ (Press CTRL+C to quit)
2019-06-11 20:23:55,922 - werkzeug - INFO -  * Detected change in 'C:\\Code\\EventBriteModule\\server.py', reloading
2019-06-11 20:23:55,969 - werkzeug - INFO -  * Restarting with stat
2019-06-11 20:23:56,892 - werkzeug - WARNING -  * Debugger is active!
2019-06-11 20:23:56,908 - werkzeug - INFO -  * Debugger PIN: 168-521-222
2019-06-11 20:23:59,564 - werkzeug - INFO -  * Restarting with stat
2019-06-11 20:24:00,440 - werkzeug - WARNING -  * Debugger is active!
2019-06-11 20:24:00,440 - werkzeug - INFO -  * Debugger PIN: 168-521-222
2019-06-11 20:24:01,314 - werkzeug - INFO -  * Running on http://0.0.0.0:8080/ (Press CTRL+C to quit)
2019-06-11 20:24:08,134 - urllib3.connectionpool - DEBUG - Starting new HTTPS connection (1): secure.meetup.com:443
2019-06-11 20:24:09,107 - urllib3.connectionpool - DEBUG - https://secure.meetup.com:443 "POST /oauth2/access?client_id=a4t8djnuofg711ol9n123d5kqr&client_secret=621ss2n05shh4jj8n5ede6oh92&grant_type=refresh_token&refresh_token=14c958013bee8d48b911f78389d7d1dd HTTP/1.1" 200 132
2019-06-11 20:24:09,123 - urllib3.connectionpool - DEBUG - Starting new HTTPS connection (1): api.meetup.com:443
2019-06-11 20:24:09,533 - urllib3.connectionpool - DEBUG - https://api.meetup.com:443 "GET /find/upcoming_events?lat=53.35014&lon=-6.266155&radius=30&topic_category=34&text=python HTTP/1.1" 200 8206
2019-06-11 20:24:09,548 - urllib3.connectionpool - DEBUG - Starting new HTTPS connection (1): www.eventbriteapi.com:443
2019-06-11 20:24:09,986 - urllib3.connectionpool - DEBUG - https://www.eventbriteapi.com:443 "GET /v3/events/search?categories=102&location.longitude=-6.266155&location.latitude=53.35014&expand=venue&page=0 HTTP/1.1" 301 None
2019-06-11 20:24:10,940 - urllib3.connectionpool - DEBUG - https://www.eventbriteapi.com:443 "GET /v3/events/search/?categories=102&location.longitude=-6.266155&location.latitude=53.35014&expand=venue&page=0 HTTP/1.1" 200 61981
2019-06-11 20:24:11,143 - urllib3.connectionpool - DEBUG - Starting new HTTPS connection (1): www.eventbriteapi.com:443
2019-06-11 20:24:11,580 - urllib3.connectionpool - DEBUG - https://www.eventbriteapi.com:443 "GET /v3/events/search?categories=102&location.longitude=-6.266155&location.latitude=53.35014&expand=venue&page=1 HTTP/1.1" 301 None
2019-06-11 20:24:12,487 - urllib3.connectionpool - DEBUG - https://www.eventbriteapi.com:443 "GET /v3/events/search/?categories=102&location.longitude=-6.266155&location.latitude=53.35014&expand=venue&page=1 HTTP/1.1" 200 61981
2019-06-11 20:24:12,675 - urllib3.connectionpool - DEBUG - Starting new HTTPS connection (1): www.eventbriteapi.com:443
2019-06-11 20:24:13,112 - urllib3.connectionpool - DEBUG - https://www.eventbriteapi.com:443 "GET /v3/events/search?categories=102&location.longitude=-6.266155&location.latitude=53.35014&expand=venue&page=2 HTTP/1.1" 301 None
2019-06-11 20:24:14,127 - urllib3.connectionpool - DEBUG - https://www.eventbriteapi.com:443 "GET /v3/events/search/?categories=102&location.longitude=-6.266155&location.latitude=53.35014&expand=venue&page=2 HTTP/1.1" 200 56581
2019-06-11 20:24:14,314 - urllib3.connectionpool - DEBUG - Starting new HTTPS connection (1): www.eventbriteapi.com:443
2019-06-11 20:24:14,753 - urllib3.connectionpool - DEBUG - https://www.eventbriteapi.com:443 "GET /v3/events/search?categories=102&location.longitude=-6.266155&location.latitude=53.35014&expand=venue&page=3 HTTP/1.1" 301 None
2019-06-11 20:24:15,237 - urllib3.connectionpool - DEBUG - https://www.eventbriteapi.com:443 "GET /v3/events/search/?categories=102&location.longitude=-6.266155&location.latitude=53.35014&expand=venue&page=3 HTTP/1.1" 200 2557
2019-06-11 20:24:15,349 - werkzeug - INFO - 127.0.0.1 - - [11/Jun/2019 20:24:15] "POST /api/v1.0/events HTTP/1.1" 200 -
2019-06-11 20:25:48,549 - werkzeug - INFO -  * Restarting with stat
2019-06-11 20:25:49,298 - werkzeug - WARNING -  * Debugger is active!
2019-06-11 20:25:49,298 - werkzeug - INFO -  * Debugger PIN: 168-521-222
2019-06-11 20:25:50,160 - werkzeug - INFO -  * Running on http://0.0.0.0:8080/ (Press CTRL+C to quit)
2019-06-11 20:25:52,346 - urllib3.connectionpool - DEBUG - Starting new HTTPS connection (1): secure.meetup.com:443
2019-06-11 20:25:53,080 - urllib3.connectionpool - DEBUG - https://secure.meetup.com:443 "POST /oauth2/access?client_id=a4t8djnuofg711ol9n123d5kqr&client_secret=621ss2n05shh4jj8n5ede6oh92&grant_type=refresh_token&refresh_token=14c958013bee8d48b911f78389d7d1dd HTTP/1.1" 200 131
2019-06-11 20:25:53,095 - urllib3.connectionpool - DEBUG - Starting new HTTPS connection (1): api.meetup.com:443
2019-06-11 20:25:53,502 - urllib3.connectionpool - DEBUG - https://api.meetup.com:443 "GET /find/upcoming_events?lat=53.35014&lon=-6.266155&radius=30&topic_category=34&text=python HTTP/1.1" 200 8206
2019-06-11 20:25:53,525 - urllib3.connectionpool - DEBUG - Starting new HTTPS connection (1): www.eventbriteapi.com:443
2019-06-11 20:25:53,955 - urllib3.connectionpool - DEBUG - https://www.eventbriteapi.com:443 "GET /v3/events/search?categories=102&location.longitude=-6.266155&location.latitude=53.35014&expand=venue&page=0 HTTP/1.1" 301 None
2019-06-11 20:25:55,002 - urllib3.connectionpool - DEBUG - https://www.eventbriteapi.com:443 "GET /v3/events/search/?categories=102&location.longitude=-6.266155&location.latitude=53.35014&expand=venue&page=0 HTTP/1.1" 200 61981
2019-06-11 20:25:55,205 - urllib3.connectionpool - DEBUG - Starting new HTTPS connection (1): www.eventbriteapi.com:443
2019-06-11 20:25:55,642 - urllib3.connectionpool - DEBUG - https://www.eventbriteapi.com:443 "GET /v3/events/search?categories=102&location.longitude=-6.266155&location.latitude=53.35014&expand=venue&page=1 HTTP/1.1" 301 None
2019-06-11 20:25:56,530 - urllib3.connectionpool - DEBUG - https://www.eventbriteapi.com:443 "GET /v3/events/search/?categories=102&location.longitude=-6.266155&location.latitude=53.35014&expand=venue&page=1 HTTP/1.1" 200 61981
2019-06-11 20:25:56,720 - urllib3.connectionpool - DEBUG - Starting new HTTPS connection (1): www.eventbriteapi.com:443
2019-06-11 20:25:57,159 - urllib3.connectionpool - DEBUG - https://www.eventbriteapi.com:443 "GET /v3/events/search?categories=102&location.longitude=-6.266155&location.latitude=53.35014&expand=venue&page=2 HTTP/1.1" 301 None
2019-06-11 20:25:58,111 - urllib3.connectionpool - DEBUG - https://www.eventbriteapi.com:443 "GET /v3/events/search/?categories=102&location.longitude=-6.266155&location.latitude=53.35014&expand=venue&page=2 HTTP/1.1" 200 56581
2019-06-11 20:25:58,298 - urllib3.connectionpool - DEBUG - Starting new HTTPS connection (1): www.eventbriteapi.com:443
2019-06-11 20:25:58,737 - urllib3.connectionpool - DEBUG - https://www.eventbriteapi.com:443 "GET /v3/events/search?categories=102&location.longitude=-6.266155&location.latitude=53.35014&expand=venue&page=3 HTTP/1.1" 301 None
2019-06-11 20:25:59,147 - urllib3.connectionpool - DEBUG - https://www.eventbriteapi.com:443 "GET /v3/events/search/?categories=102&location.longitude=-6.266155&location.latitude=53.35014&expand=venue&page=3 HTTP/1.1" 200 2557
2019-06-11 20:25:59,241 - flask.app - ERROR - Exception on /api/v1.0/events [POST]
Traceback (most recent call last):
  File "C:\Users\Brian Delaney\EventBrite\lib\site-packages\flask_restplus\fields.py", line 401, in format
    return int(value)
ValueError: invalid literal for int() with base 10: 'https://www.meetup.com/pythonireland/events/fnzvknyzkbnb/'

During handling of the above exception, another exception occurred:

Traceback (most recent call last):
  File "C:\Users\Brian Delaney\EventBrite\lib\site-packages\flask_restplus\fields.py", line 157, in output
    data = self.format(value)
  File "C:\Users\Brian Delaney\EventBrite\lib\site-packages\flask_restplus\fields.py", line 403, in format
    raise MarshallingError(ve)
flask_restplus.fields.MarshallingError: invalid literal for int() with base 10: 'https://www.meetup.com/pythonireland/events/fnzvknyzkbnb/'

During handling of the above exception, another exception occurred:

Traceback (most recent call last):
  File "C:\Users\Brian Delaney\EventBrite\lib\site-packages\flask\app.py", line 1832, in full_dispatch_request
    rv = self.dispatch_request()
  File "C:\Users\Brian Delaney\EventBrite\lib\site-packages\flask\app.py", line 1818, in dispatch_request
    return self.view_functions[rule.endpoint](**req.view_args)
  File "C:\Users\Brian Delaney\EventBrite\lib\site-packages\flask_restplus\api.py", line 325, in wrapper
    resp = resource(*args, **kwargs)
  File "C:\Users\Brian Delaney\EventBrite\lib\site-packages\flask\views.py", line 88, in view
    return self.dispatch_request(*args, **kwargs)
  File "C:\Users\Brian Delaney\EventBrite\lib\site-packages\flask_restplus\resource.py", line 44, in dispatch_request
    resp = meth(*args, **kwargs)
  File "C:\Users\Brian Delaney\EventBrite\lib\site-packages\flask_restplus\marshalling.py", line 149, in wrapper
    return marshal(resp, self.fields, self.envelope, self.skip_none, mask, self.ordered)
  File "C:\Users\Brian Delaney\EventBrite\lib\site-packages\flask_restplus\marshalling.py", line 80, in marshal
    out = OrderedDict(items) if ordered else dict(items)
  File "C:\Users\Brian Delaney\EventBrite\lib\site-packages\flask_restplus\marshalling.py", line 73, in <genexpr>
    for k, v in iteritems(fields)
  File "C:\Users\Brian Delaney\EventBrite\lib\site-packages\flask_restplus\fields.py", line 160, in output
    raise MarshallingError(msg)
flask_restplus.fields.MarshallingError: Unable to marshal field "url" value "https://www.meetup.com/pythonireland/events/fnzvknyzkbnb/": invalid literal for int() with base 10: 'https://www.meetup.com/pythonireland/events/fnzvknyzkbnb/'
2019-06-11 20:25:59,288 - werkzeug - INFO - 127.0.0.1 - - [11/Jun/2019 20:25:59] "POST /api/v1.0/events HTTP/1.1" 500 -
2019-06-11 20:26:14,752 - werkzeug - INFO -  * Detected change in 'C:\\Code\\EventBriteModule\\api_models.py', reloading
2019-06-11 20:26:14,830 - werkzeug - INFO -  * Restarting with stat
2019-06-11 20:26:15,742 - werkzeug - WARNING -  * Debugger is active!
2019-06-11 20:26:15,742 - werkzeug - INFO -  * Debugger PIN: 168-521-222
2019-06-11 20:26:16,611 - werkzeug - INFO -  * Running on http://0.0.0.0:8080/ (Press CTRL+C to quit)
2019-06-11 20:26:19,227 - urllib3.connectionpool - DEBUG - Starting new HTTPS connection (1): secure.meetup.com:443
2019-06-11 20:26:19,893 - urllib3.connectionpool - DEBUG - https://secure.meetup.com:443 "POST /oauth2/access?client_id=a4t8djnuofg711ol9n123d5kqr&client_secret=621ss2n05shh4jj8n5ede6oh92&grant_type=refresh_token&refresh_token=14c958013bee8d48b911f78389d7d1dd HTTP/1.1" 200 131
2019-06-11 20:26:19,893 - urllib3.connectionpool - DEBUG - Starting new HTTPS connection (1): api.meetup.com:443
2019-06-11 20:26:20,283 - urllib3.connectionpool - DEBUG - https://api.meetup.com:443 "GET /find/upcoming_events?lat=53.35014&lon=-6.266155&radius=30&topic_category=34&text=python HTTP/1.1" 200 8206
2019-06-11 20:26:20,299 - urllib3.connectionpool - DEBUG - Starting new HTTPS connection (1): www.eventbriteapi.com:443
2019-06-11 20:26:20,736 - urllib3.connectionpool - DEBUG - https://www.eventbriteapi.com:443 "GET /v3/events/search?categories=102&location.longitude=-6.266155&location.latitude=53.35014&expand=venue&page=0 HTTP/1.1" 301 None
2019-06-11 20:26:21,581 - urllib3.connectionpool - DEBUG - https://www.eventbriteapi.com:443 "GET /v3/events/search/?categories=102&location.longitude=-6.266155&location.latitude=53.35014&expand=venue&page=0 HTTP/1.1" 200 61981
2019-06-11 20:26:21,784 - urllib3.connectionpool - DEBUG - Starting new HTTPS connection (1): www.eventbriteapi.com:443
2019-06-11 20:26:22,237 - urllib3.connectionpool - DEBUG - https://www.eventbriteapi.com:443 "GET /v3/events/search?categories=102&location.longitude=-6.266155&location.latitude=53.35014&expand=venue&page=1 HTTP/1.1" 301 None
2019-06-11 20:26:23,205 - urllib3.connectionpool - DEBUG - https://www.eventbriteapi.com:443 "GET /v3/events/search/?categories=102&location.longitude=-6.266155&location.latitude=53.35014&expand=venue&page=1 HTTP/1.1" 200 61981
2019-06-11 20:26:23,393 - urllib3.connectionpool - DEBUG - Starting new HTTPS connection (1): www.eventbriteapi.com:443
2019-06-11 20:26:23,816 - urllib3.connectionpool - DEBUG - https://www.eventbriteapi.com:443 "GET /v3/events/search?categories=102&location.longitude=-6.266155&location.latitude=53.35014&expand=venue&page=2 HTTP/1.1" 301 None
2019-06-11 20:26:24,814 - urllib3.connectionpool - DEBUG - https://www.eventbriteapi.com:443 "GET /v3/events/search/?categories=102&location.longitude=-6.266155&location.latitude=53.35014&expand=venue&page=2 HTTP/1.1" 200 56581
2019-06-11 20:26:25,002 - urllib3.connectionpool - DEBUG - Starting new HTTPS connection (1): www.eventbriteapi.com:443
2019-06-11 20:26:25,424 - urllib3.connectionpool - DEBUG - https://www.eventbriteapi.com:443 "GET /v3/events/search?categories=102&location.longitude=-6.266155&location.latitude=53.35014&expand=venue&page=3 HTTP/1.1" 301 None
2019-06-11 20:26:25,768 - urllib3.connectionpool - DEBUG - https://www.eventbriteapi.com:443 "GET /v3/events/search/?categories=102&location.longitude=-6.266155&location.latitude=53.35014&expand=venue&page=3 HTTP/1.1" 200 2557
2019-06-11 20:26:25,893 - werkzeug - INFO - 127.0.0.1 - - [11/Jun/2019 20:26:25] "POST /api/v1.0/events HTTP/1.1" 200 -
2019-06-11 20:26:42,426 - werkzeug - INFO -  * Detected change in 'C:\\Code\\EventBriteModule\\api_models.py', reloading
2019-06-11 20:26:42,473 - werkzeug - INFO -  * Restarting with stat
2019-06-11 20:26:45,144 - werkzeug - INFO -  * Restarting with stat
2019-06-11 20:26:45,895 - werkzeug - WARNING -  * Debugger is active!
2019-06-11 20:26:45,895 - werkzeug - INFO -  * Debugger PIN: 168-521-222
2019-06-11 20:26:46,768 - werkzeug - INFO -  * Running on http://0.0.0.0:8080/ (Press CTRL+C to quit)
2019-06-11 20:26:51,737 - urllib3.connectionpool - DEBUG - Starting new HTTPS connection (1): secure.meetup.com:443
2019-06-11 20:26:52,408 - urllib3.connectionpool - DEBUG - https://secure.meetup.com:443 "POST /oauth2/access?client_id=a4t8djnuofg711ol9n123d5kqr&client_secret=621ss2n05shh4jj8n5ede6oh92&grant_type=refresh_token&refresh_token=14c958013bee8d48b911f78389d7d1dd HTTP/1.1" 200 131
2019-06-11 20:26:52,423 - urllib3.connectionpool - DEBUG - Starting new HTTPS connection (1): api.meetup.com:443
2019-06-11 20:26:52,862 - urllib3.connectionpool - DEBUG - https://api.meetup.com:443 "GET /find/upcoming_events?lat=53.35014&lon=-6.266155&radius=30&topic_category=34&text=python HTTP/1.1" 200 8206
2019-06-11 20:26:52,877 - urllib3.connectionpool - DEBUG - Starting new HTTPS connection (1): www.eventbriteapi.com:443
2019-06-11 20:26:53,330 - urllib3.connectionpool - DEBUG - https://www.eventbriteapi.com:443 "GET /v3/events/search?categories=102&location.longitude=-6.266155&location.latitude=53.35014&expand=venue&page=0 HTTP/1.1" 301 None
2019-06-11 20:26:54,252 - urllib3.connectionpool - DEBUG - https://www.eventbriteapi.com:443 "GET /v3/events/search/?categories=102&location.longitude=-6.266155&location.latitude=53.35014&expand=venue&page=0 HTTP/1.1" 200 61981
2019-06-11 20:26:54,455 - urllib3.connectionpool - DEBUG - Starting new HTTPS connection (1): www.eventbriteapi.com:443
2019-06-11 20:26:54,890 - urllib3.connectionpool - DEBUG - https://www.eventbriteapi.com:443 "GET /v3/events/search?categories=102&location.longitude=-6.266155&location.latitude=53.35014&expand=venue&page=1 HTTP/1.1" 301 None
2019-06-11 20:26:55,863 - urllib3.connectionpool - DEBUG - https://www.eventbriteapi.com:443 "GET /v3/events/search/?categories=102&location.longitude=-6.266155&location.latitude=53.35014&expand=venue&page=1 HTTP/1.1" 200 61981
2019-06-11 20:26:56,065 - urllib3.connectionpool - DEBUG - Starting new HTTPS connection (1): www.eventbriteapi.com:443
2019-06-11 20:26:56,502 - urllib3.connectionpool - DEBUG - https://www.eventbriteapi.com:443 "GET /v3/events/search?categories=102&location.longitude=-6.266155&location.latitude=53.35014&expand=venue&page=2 HTTP/1.1" 301 None
2019-06-11 20:26:57,658 - urllib3.connectionpool - DEBUG - https://www.eventbriteapi.com:443 "GET /v3/events/search/?categories=102&location.longitude=-6.266155&location.latitude=53.35014&expand=venue&page=2 HTTP/1.1" 200 56581
2019-06-11 20:26:57,846 - urllib3.connectionpool - DEBUG - Starting new HTTPS connection (1): www.eventbriteapi.com:443
2019-06-11 20:26:58,345 - urllib3.connectionpool - DEBUG - https://www.eventbriteapi.com:443 "GET /v3/events/search?categories=102&location.longitude=-6.266155&location.latitude=53.35014&expand=venue&page=3 HTTP/1.1" 301 None
2019-06-11 20:26:58,722 - urllib3.connectionpool - DEBUG - https://www.eventbriteapi.com:443 "GET /v3/events/search/?categories=102&location.longitude=-6.266155&location.latitude=53.35014&expand=venue&page=3 HTTP/1.1" 200 2557
2019-06-11 20:26:58,832 - werkzeug - INFO - 127.0.0.1 - - [11/Jun/2019 20:26:58] "POST /api/v1.0/events HTTP/1.1" 200 -
2019-06-11 20:27:44,459 - werkzeug - INFO -  * Detected change in 'C:\\Code\\EventBriteModule\\server.py', reloading
2019-06-11 20:27:44,565 - werkzeug - INFO -  * Restarting with stat
2019-06-11 20:27:46,721 - werkzeug - INFO -  * Restarting with stat
2019-06-11 20:27:47,689 - werkzeug - WARNING -  * Debugger is active!
2019-06-11 20:27:47,689 - werkzeug - INFO -  * Debugger PIN: 168-521-222
2019-06-11 20:27:48,564 - werkzeug - INFO -  * Running on http://0.0.0.0:8080/ (Press CTRL+C to quit)
2019-06-11 20:27:51,064 - urllib3.connectionpool - DEBUG - Starting new HTTPS connection (1): secure.meetup.com:443
2019-06-11 20:27:51,783 - urllib3.connectionpool - DEBUG - https://secure.meetup.com:443 "POST /oauth2/access?client_id=a4t8djnuofg711ol9n123d5kqr&client_secret=621ss2n05shh4jj8n5ede6oh92&grant_type=refresh_token&refresh_token=14c958013bee8d48b911f78389d7d1dd HTTP/1.1" 200 130
2019-06-11 20:27:51,799 - urllib3.connectionpool - DEBUG - Starting new HTTPS connection (1): api.meetup.com:443
2019-06-11 20:27:52,173 - urllib3.connectionpool - DEBUG - https://api.meetup.com:443 "GET /find/upcoming_events?lat=53.35014&lon=-6.266155&radius=30&topic_category=34&text=python HTTP/1.1" 200 8206
2019-06-11 20:27:52,173 - urllib3.connectionpool - DEBUG - Starting new HTTPS connection (1): www.eventbriteapi.com:443
2019-06-11 20:27:52,627 - urllib3.connectionpool - DEBUG - https://www.eventbriteapi.com:443 "GET /v3/events/search?categories=102&location.longitude=-6.266155&location.latitude=53.35014&expand=venue&page=0 HTTP/1.1" 301 None
2019-06-11 20:27:53,549 - urllib3.connectionpool - DEBUG - https://www.eventbriteapi.com:443 "GET /v3/events/search/?categories=102&location.longitude=-6.266155&location.latitude=53.35014&expand=venue&page=0 HTTP/1.1" 200 61981
2019-06-11 20:27:53,736 - urllib3.connectionpool - DEBUG - Starting new HTTPS connection (1): www.eventbriteapi.com:443
2019-06-11 20:27:54,174 - urllib3.connectionpool - DEBUG - https://www.eventbriteapi.com:443 "GET /v3/events/search?categories=102&location.longitude=-6.266155&location.latitude=53.35014&expand=venue&page=1 HTTP/1.1" 301 None
2019-06-11 20:27:55,135 - urllib3.connectionpool - DEBUG - https://www.eventbriteapi.com:443 "GET /v3/events/search/?categories=102&location.longitude=-6.266155&location.latitude=53.35014&expand=venue&page=1 HTTP/1.1" 200 61981
2019-06-11 20:27:55,340 - urllib3.connectionpool - DEBUG - Starting new HTTPS connection (1): www.eventbriteapi.com:443
2019-06-11 20:27:55,784 - urllib3.connectionpool - DEBUG - https://www.eventbriteapi.com:443 "GET /v3/events/search?categories=102&location.longitude=-6.266155&location.latitude=53.35014&expand=venue&page=2 HTTP/1.1" 301 None
2019-06-11 20:27:56,956 - urllib3.connectionpool - DEBUG - https://www.eventbriteapi.com:443 "GET /v3/events/search/?categories=102&location.longitude=-6.266155&location.latitude=53.35014&expand=venue&page=2 HTTP/1.1" 200 56581
2019-06-11 20:27:57,144 - urllib3.connectionpool - DEBUG - Starting new HTTPS connection (1): www.eventbriteapi.com:443
2019-06-11 20:27:57,580 - urllib3.connectionpool - DEBUG - https://www.eventbriteapi.com:443 "GET /v3/events/search?categories=102&location.longitude=-6.266155&location.latitude=53.35014&expand=venue&page=3 HTTP/1.1" 301 None
2019-06-11 20:27:57,924 - urllib3.connectionpool - DEBUG - https://www.eventbriteapi.com:443 "GET /v3/events/search/?categories=102&location.longitude=-6.266155&location.latitude=53.35014&expand=venue&page=3 HTTP/1.1" 200 2557
2019-06-11 20:27:58,020 - werkzeug - INFO - 127.0.0.1 - - [11/Jun/2019 20:27:58] "POST /api/v1.0/events HTTP/1.1" 200 -
2019-06-11 20:28:11,284 - werkzeug - INFO -  * Detected change in 'C:\\Code\\EventBriteModule\\api_models.py', reloading
2019-06-11 20:28:11,356 - werkzeug - INFO -  * Restarting with stat
2019-06-11 20:28:12,220 - werkzeug - WARNING -  * Debugger is active!
2019-06-11 20:28:12,220 - werkzeug - INFO -  * Debugger PIN: 168-521-222
2019-06-11 20:28:13,085 - werkzeug - INFO -  * Running on http://0.0.0.0:8080/ (Press CTRL+C to quit)
2019-06-11 20:28:13,300 - werkzeug - INFO -  * Detected change in 'C:\\Code\\EventBriteModule\\api_models.py', reloading
2019-06-11 20:28:13,362 - werkzeug - INFO -  * Restarting with stat
2019-06-11 20:28:14,127 - werkzeug - WARNING -  * Debugger is active!
2019-06-11 20:28:14,127 - werkzeug - INFO -  * Debugger PIN: 168-521-222
2019-06-11 20:28:15,003 - werkzeug - INFO -  * Running on http://0.0.0.0:8080/ (Press CTRL+C to quit)
2019-06-11 20:28:21,596 - urllib3.connectionpool - DEBUG - Starting new HTTPS connection (1): secure.meetup.com:443
2019-06-11 20:28:22,799 - urllib3.connectionpool - DEBUG - https://secure.meetup.com:443 "POST /oauth2/access?client_id=a4t8djnuofg711ol9n123d5kqr&client_secret=621ss2n05shh4jj8n5ede6oh92&grant_type=refresh_token&refresh_token=14c958013bee8d48b911f78389d7d1dd HTTP/1.1" 200 132
2019-06-11 20:28:22,799 - urllib3.connectionpool - DEBUG - Starting new HTTPS connection (1): api.meetup.com:443
2019-06-11 20:28:23,179 - urllib3.connectionpool - DEBUG - https://api.meetup.com:443 "GET /find/upcoming_events?lat=53.35014&lon=-6.266155&radius=30&topic_category=34&text=python HTTP/1.1" 200 8206
2019-06-11 20:28:23,179 - urllib3.connectionpool - DEBUG - Starting new HTTPS connection (1): www.eventbriteapi.com:443
2019-06-11 20:28:23,642 - urllib3.connectionpool - DEBUG - https://www.eventbriteapi.com:443 "GET /v3/events/search?categories=102&location.longitude=-6.266155&location.latitude=53.35014&expand=venue&page=0 HTTP/1.1" 301 None
2019-06-11 20:28:24,596 - urllib3.connectionpool - DEBUG - https://www.eventbriteapi.com:443 "GET /v3/events/search/?categories=102&location.longitude=-6.266155&location.latitude=53.35014&expand=venue&page=0 HTTP/1.1" 200 61981
2019-06-11 20:28:24,783 - urllib3.connectionpool - DEBUG - Starting new HTTPS connection (1): www.eventbriteapi.com:443
2019-06-11 20:28:25,205 - urllib3.connectionpool - DEBUG - https://www.eventbriteapi.com:443 "GET /v3/events/search?categories=102&location.longitude=-6.266155&location.latitude=53.35014&expand=venue&page=1 HTTP/1.1" 301 None
2019-06-11 20:28:26,205 - urllib3.connectionpool - DEBUG - https://www.eventbriteapi.com:443 "GET /v3/events/search/?categories=102&location.longitude=-6.266155&location.latitude=53.35014&expand=venue&page=1 HTTP/1.1" 200 61981
2019-06-11 20:28:26,410 - urllib3.connectionpool - DEBUG - Starting new HTTPS connection (1): www.eventbriteapi.com:443
2019-06-11 20:28:26,846 - urllib3.connectionpool - DEBUG - https://www.eventbriteapi.com:443 "GET /v3/events/search?categories=102&location.longitude=-6.266155&location.latitude=53.35014&expand=venue&page=2 HTTP/1.1" 301 None
2019-06-11 20:28:27,955 - urllib3.connectionpool - DEBUG - https://www.eventbriteapi.com:443 "GET /v3/events/search/?categories=102&location.longitude=-6.266155&location.latitude=53.35014&expand=venue&page=2 HTTP/1.1" 200 56581
2019-06-11 20:28:28,143 - urllib3.connectionpool - DEBUG - Starting new HTTPS connection (1): www.eventbriteapi.com:443
2019-06-11 20:28:28,565 - urllib3.connectionpool - DEBUG - https://www.eventbriteapi.com:443 "GET /v3/events/search?categories=102&location.longitude=-6.266155&location.latitude=53.35014&expand=venue&page=3 HTTP/1.1" 301 None
2019-06-11 20:28:28,877 - urllib3.connectionpool - DEBUG - https://www.eventbriteapi.com:443 "GET /v3/events/search/?categories=102&location.longitude=-6.266155&location.latitude=53.35014&expand=venue&page=3 HTTP/1.1" 200 2557
2019-06-11 20:28:28,986 - werkzeug - INFO - 127.0.0.1 - - [11/Jun/2019 20:28:28] "POST /api/v1.0/events HTTP/1.1" 200 -
2019-06-11 20:30:23,002 - werkzeug - INFO -  * Detected change in 'C:\\Code\\EventBriteModule\\server.py', reloading
2019-06-11 20:30:23,049 - werkzeug - INFO -  * Restarting with stat
2019-06-11 20:30:32,456 - werkzeug - INFO -  * Restarting with stat
2019-06-11 20:30:33,111 - werkzeug - WARNING -  * Debugger is active!
2019-06-11 20:30:33,111 - werkzeug - INFO -  * Debugger PIN: 168-521-222
2019-06-11 20:30:33,986 - werkzeug - INFO -  * Running on http://0.0.0.0:8080/ (Press CTRL+C to quit)
2019-06-11 20:30:44,330 - urllib3.connectionpool - DEBUG - Starting new HTTPS connection (1): secure.meetup.com:443
2019-06-11 20:30:44,877 - urllib3.connectionpool - DEBUG - https://secure.meetup.com:443 "POST /oauth2/access?client_id=a4t8djnuofg711ol9n123d5kqr&client_secret=621ss2n05shh4jj8n5ede6oh92&grant_type=refresh_token&refresh_token=14c958013bee8d48b911f78389d7d1dd HTTP/1.1" 200 132
2019-06-11 20:30:44,877 - urllib3.connectionpool - DEBUG - Starting new HTTPS connection (1): api.meetup.com:443
2019-06-11 20:30:47,526 - urllib3.connectionpool - DEBUG - https://api.meetup.com:443 "GET /find/upcoming_events?lat=53.35014&lon=-6.266155&radius=30&topic_category=34&text=python HTTP/1.1" 200 8206
2019-06-11 20:30:47,534 - urllib3.connectionpool - DEBUG - Starting new HTTPS connection (1): www.eventbriteapi.com:443
2019-06-11 20:30:47,956 - urllib3.connectionpool - DEBUG - https://www.eventbriteapi.com:443 "GET /v3/events/search?categories=102&location.longitude=-6.266155&location.latitude=53.35014&expand=venue&page=0 HTTP/1.1" 301 None
2019-06-11 20:30:48,924 - urllib3.connectionpool - DEBUG - https://www.eventbriteapi.com:443 "GET /v3/events/search/?categories=102&location.longitude=-6.266155&location.latitude=53.35014&expand=venue&page=0 HTTP/1.1" 200 61981
2019-06-11 20:30:49,129 - urllib3.connectionpool - DEBUG - Starting new HTTPS connection (1): www.eventbriteapi.com:443
2019-06-11 20:30:49,565 - urllib3.connectionpool - DEBUG - https://www.eventbriteapi.com:443 "GET /v3/events/search?categories=102&location.longitude=-6.266155&location.latitude=53.35014&expand=venue&page=1 HTTP/1.1" 301 None
2019-06-11 20:30:50,628 - urllib3.connectionpool - DEBUG - https://www.eventbriteapi.com:443 "GET /v3/events/search/?categories=102&location.longitude=-6.266155&location.latitude=53.35014&expand=venue&page=1 HTTP/1.1" 200 61981
2019-06-11 20:30:50,831 - urllib3.connectionpool - DEBUG - Starting new HTTPS connection (1): www.eventbriteapi.com:443
2019-06-11 20:30:51,252 - urllib3.connectionpool - DEBUG - https://www.eventbriteapi.com:443 "GET /v3/events/search?categories=102&location.longitude=-6.266155&location.latitude=53.35014&expand=venue&page=2 HTTP/1.1" 301 None
2019-06-11 20:30:52,582 - urllib3.connectionpool - DEBUG - https://www.eventbriteapi.com:443 "GET /v3/events/search/?categories=102&location.longitude=-6.266155&location.latitude=53.35014&expand=venue&page=2 HTTP/1.1" 200 56581
2019-06-11 20:30:52,769 - urllib3.connectionpool - DEBUG - Starting new HTTPS connection (1): www.eventbriteapi.com:443
2019-06-11 20:30:53,191 - urllib3.connectionpool - DEBUG - https://www.eventbriteapi.com:443 "GET /v3/events/search?categories=102&location.longitude=-6.266155&location.latitude=53.35014&expand=venue&page=3 HTTP/1.1" 301 None
2019-06-11 20:30:53,526 - urllib3.connectionpool - DEBUG - https://www.eventbriteapi.com:443 "GET /v3/events/search/?categories=102&location.longitude=-6.266155&location.latitude=53.35014&expand=venue&page=3 HTTP/1.1" 200 2557
2019-06-11 20:30:53,612 - werkzeug - INFO - 127.0.0.1 - - [11/Jun/2019 20:30:53] "POST /api/v1.0/events HTTP/1.1" 200 -
2019-06-11 20:31:11,237 - werkzeug - INFO -  * Detected change in 'C:\\Code\\EventBriteModule\\events.py', reloading
2019-06-11 20:31:11,284 - werkzeug - INFO -  * Restarting with stat
2019-06-11 20:31:12,023 - werkzeug - WARNING -  * Debugger is active!
2019-06-11 20:31:12,029 - werkzeug - INFO -  * Debugger PIN: 168-521-222
2019-06-11 20:31:12,893 - werkzeug - INFO -  * Running on http://0.0.0.0:8080/ (Press CTRL+C to quit)
2019-06-11 20:31:51,221 - werkzeug - INFO -  * Restarting with stat
2019-06-11 20:31:51,924 - werkzeug - WARNING -  * Debugger is active!
2019-06-11 20:31:51,940 - werkzeug - INFO -  * Debugger PIN: 168-521-222
2019-06-11 20:31:52,799 - werkzeug - INFO -  * Running on http://0.0.0.0:8080/ (Press CTRL+C to quit)
2019-06-11 20:31:53,028 - urllib3.connectionpool - DEBUG - Starting new HTTPS connection (1): secure.meetup.com:443
2019-06-11 20:31:53,596 - urllib3.connectionpool - DEBUG - https://secure.meetup.com:443 "POST /oauth2/access?client_id=a4t8djnuofg711ol9n123d5kqr&client_secret=621ss2n05shh4jj8n5ede6oh92&grant_type=refresh_token&refresh_token=14c958013bee8d48b911f78389d7d1dd HTTP/1.1" 200 130
2019-06-11 20:31:53,596 - urllib3.connectionpool - DEBUG - Starting new HTTPS connection (1): api.meetup.com:443
2019-06-11 20:31:54,143 - urllib3.connectionpool - DEBUG - https://api.meetup.com:443 "GET /find/upcoming_events?lat=53.35014&lon=-6.266155&radius=30&topic_category=34&text=python HTTP/1.1" 200 8202
2019-06-11 20:31:54,159 - urllib3.connectionpool - DEBUG - Starting new HTTPS connection (1): www.eventbriteapi.com:443
2019-06-11 20:31:54,597 - urllib3.connectionpool - DEBUG - https://www.eventbriteapi.com:443 "GET /v3/events/search?categories=102&location.longitude=-6.266155&location.latitude=53.35014&expand=venue&page=0 HTTP/1.1" 301 None
2019-06-11 20:31:55,581 - urllib3.connectionpool - DEBUG - https://www.eventbriteapi.com:443 "GET /v3/events/search/?categories=102&location.longitude=-6.266155&location.latitude=53.35014&expand=venue&page=0 HTTP/1.1" 200 61981
2019-06-11 20:31:55,800 - urllib3.connectionpool - DEBUG - Starting new HTTPS connection (1): www.eventbriteapi.com:443
2019-06-11 20:31:56,285 - urllib3.connectionpool - DEBUG - https://www.eventbriteapi.com:443 "GET /v3/events/search?categories=102&location.longitude=-6.266155&location.latitude=53.35014&expand=venue&page=1 HTTP/1.1" 301 None
2019-06-11 20:31:57,348 - urllib3.connectionpool - DEBUG - https://www.eventbriteapi.com:443 "GET /v3/events/search/?categories=102&location.longitude=-6.266155&location.latitude=53.35014&expand=venue&page=1 HTTP/1.1" 200 61981
2019-06-11 20:31:57,550 - urllib3.connectionpool - DEBUG - Starting new HTTPS connection (1): www.eventbriteapi.com:443
2019-06-11 20:31:58,098 - urllib3.connectionpool - DEBUG - https://www.eventbriteapi.com:443 "GET /v3/events/search?categories=102&location.longitude=-6.266155&location.latitude=53.35014&expand=venue&page=2 HTTP/1.1" 301 None
2019-06-11 20:31:59,127 - urllib3.connectionpool - DEBUG - https://www.eventbriteapi.com:443 "GET /v3/events/search/?categories=102&location.longitude=-6.266155&location.latitude=53.35014&expand=venue&page=2 HTTP/1.1" 200 56581
2019-06-11 20:31:59,424 - urllib3.connectionpool - DEBUG - Starting new HTTPS connection (1): www.eventbriteapi.com:443
2019-06-11 20:31:59,862 - urllib3.connectionpool - DEBUG - https://www.eventbriteapi.com:443 "GET /v3/events/search?categories=102&location.longitude=-6.266155&location.latitude=53.35014&expand=venue&page=3 HTTP/1.1" 301 None
2019-06-11 20:32:00,191 - urllib3.connectionpool - DEBUG - https://www.eventbriteapi.com:443 "GET /v3/events/search/?categories=102&location.longitude=-6.266155&location.latitude=53.35014&expand=venue&page=3 HTTP/1.1" 200 2557
2019-06-11 20:32:00,284 - werkzeug - INFO - 127.0.0.1 - - [11/Jun/2019 20:32:00] "POST /api/v1.0/events HTTP/1.1" 200 -
2019-06-11 20:32:14,128 - werkzeug - INFO -  * Restarting with stat
2019-06-11 20:32:14,846 - werkzeug - WARNING -  * Debugger is active!
2019-06-11 20:32:14,862 - werkzeug - INFO -  * Debugger PIN: 168-521-222
2019-06-11 20:32:15,729 - werkzeug - INFO -  * Running on http://0.0.0.0:8080/ (Press CTRL+C to quit)
2019-06-11 20:32:15,775 - urllib3.connectionpool - DEBUG - Starting new HTTPS connection (1): secure.meetup.com:443
2019-06-11 20:32:16,348 - urllib3.connectionpool - DEBUG - https://secure.meetup.com:443 "POST /oauth2/access?client_id=a4t8djnuofg711ol9n123d5kqr&client_secret=621ss2n05shh4jj8n5ede6oh92&grant_type=refresh_token&refresh_token=14c958013bee8d48b911f78389d7d1dd HTTP/1.1" 200 131
2019-06-11 20:32:16,348 - urllib3.connectionpool - DEBUG - Starting new HTTPS connection (1): api.meetup.com:443
2019-06-11 20:32:17,081 - urllib3.connectionpool - DEBUG - https://api.meetup.com:443 "GET /find/upcoming_events?lat=53.35014&lon=-6.266155&radius=30&topic_category=34&text=python HTTP/1.1" 200 8202
2019-06-11 20:32:17,097 - urllib3.connectionpool - DEBUG - Starting new HTTPS connection (1): www.eventbriteapi.com:443
2019-06-11 20:32:17,531 - urllib3.connectionpool - DEBUG - https://www.eventbriteapi.com:443 "GET /v3/events/search?categories=102&location.longitude=-6.266155&location.latitude=53.35014&expand=venue&page=0 HTTP/1.1" 301 None
2019-06-11 20:32:19,208 - urllib3.connectionpool - DEBUG - https://www.eventbriteapi.com:443 "GET /v3/events/search/?categories=102&location.longitude=-6.266155&location.latitude=53.35014&expand=venue&page=0 HTTP/1.1" 200 61981
2019-06-11 20:32:19,489 - urllib3.connectionpool - DEBUG - Starting new HTTPS connection (1): www.eventbriteapi.com:443
2019-06-11 20:32:19,957 - urllib3.connectionpool - DEBUG - https://www.eventbriteapi.com:443 "GET /v3/events/search?categories=102&location.longitude=-6.266155&location.latitude=53.35014&expand=venue&page=1 HTTP/1.1" 301 None
2019-06-11 20:32:21,035 - urllib3.connectionpool - DEBUG - https://www.eventbriteapi.com:443 "GET /v3/events/search/?categories=102&location.longitude=-6.266155&location.latitude=53.35014&expand=venue&page=1 HTTP/1.1" 200 61981
2019-06-11 20:32:21,332 - urllib3.connectionpool - DEBUG - Starting new HTTPS connection (1): www.eventbriteapi.com:443
2019-06-11 20:32:21,753 - urllib3.connectionpool - DEBUG - https://www.eventbriteapi.com:443 "GET /v3/events/search?categories=102&location.longitude=-6.266155&location.latitude=53.35014&expand=venue&page=2 HTTP/1.1" 301 None
2019-06-11 20:32:22,659 - urllib3.connectionpool - DEBUG - https://www.eventbriteapi.com:443 "GET /v3/events/search/?categories=102&location.longitude=-6.266155&location.latitude=53.35014&expand=venue&page=2 HTTP/1.1" 200 56581
2019-06-11 20:32:22,862 - urllib3.connectionpool - DEBUG - Starting new HTTPS connection (1): www.eventbriteapi.com:443
2019-06-11 20:32:23,316 - urllib3.connectionpool - DEBUG - https://www.eventbriteapi.com:443 "GET /v3/events/search?categories=102&location.longitude=-6.266155&location.latitude=53.35014&expand=venue&page=3 HTTP/1.1" 301 None
2019-06-11 20:32:23,659 - urllib3.connectionpool - DEBUG - https://www.eventbriteapi.com:443 "GET /v3/events/search/?categories=102&location.longitude=-6.266155&location.latitude=53.35014&expand=venue&page=3 HTTP/1.1" 200 2557
2019-06-11 20:32:23,753 - werkzeug - INFO - 127.0.0.1 - - [11/Jun/2019 20:32:23] "POST /api/v1.0/events HTTP/1.1" 200 -
2019-06-11 20:33:14,096 - werkzeug - INFO -  * Detected change in 'C:\\Code\\EventBriteModule\\server.py', reloading
2019-06-11 20:33:14,143 - werkzeug - INFO -  * Restarting with stat
2019-06-11 20:33:14,878 - werkzeug - WARNING -  * Debugger is active!
2019-06-11 20:33:14,878 - werkzeug - INFO -  * Debugger PIN: 168-521-222
2019-06-11 20:33:15,742 - werkzeug - INFO -  * Running on http://0.0.0.0:8080/ (Press CTRL+C to quit)
2019-06-11 20:33:16,082 - urllib3.connectionpool - DEBUG - Starting new HTTPS connection (1): secure.meetup.com:443
2019-06-11 20:33:16,675 - urllib3.connectionpool - DEBUG - https://secure.meetup.com:443 "POST /oauth2/access?client_id=a4t8djnuofg711ol9n123d5kqr&client_secret=621ss2n05shh4jj8n5ede6oh92&grant_type=refresh_token&refresh_token=14c958013bee8d48b911f78389d7d1dd HTTP/1.1" 200 131
2019-06-11 20:33:16,675 - urllib3.connectionpool - DEBUG - Starting new HTTPS connection (1): api.meetup.com:443
2019-06-11 20:33:17,174 - urllib3.connectionpool - DEBUG - https://api.meetup.com:443 "GET /find/upcoming_events?lat=53.35014&lon=-6.266155&radius=30&topic_category=34&text=python HTTP/1.1" 200 8202
2019-06-11 20:33:17,190 - urllib3.connectionpool - DEBUG - Starting new HTTPS connection (1): www.eventbriteapi.com:443
2019-06-11 20:33:17,628 - urllib3.connectionpool - DEBUG - https://www.eventbriteapi.com:443 "GET /v3/events/search?categories=102&location.longitude=-6.266155&location.latitude=53.35014&expand=venue&page=0 HTTP/1.1" 301 None
2019-06-11 20:33:18,457 - urllib3.connectionpool - DEBUG - https://www.eventbriteapi.com:443 "GET /v3/events/search/?categories=102&location.longitude=-6.266155&location.latitude=53.35014&expand=venue&page=0 HTTP/1.1" 200 61981
2019-06-11 20:33:18,754 - urllib3.connectionpool - DEBUG - Starting new HTTPS connection (1): www.eventbriteapi.com:443
2019-06-11 20:33:19,190 - urllib3.connectionpool - DEBUG - https://www.eventbriteapi.com:443 "GET /v3/events/search?categories=102&location.longitude=-6.266155&location.latitude=53.35014&expand=venue&page=1 HTTP/1.1" 301 None
2019-06-11 20:33:20,237 - urllib3.connectionpool - DEBUG - https://www.eventbriteapi.com:443 "GET /v3/events/search/?categories=102&location.longitude=-6.266155&location.latitude=53.35014&expand=venue&page=1 HTTP/1.1" 200 61981
2019-06-11 20:33:20,526 - urllib3.connectionpool - DEBUG - Starting new HTTPS connection (1): www.eventbriteapi.com:443
2019-06-11 20:33:20,940 - urllib3.connectionpool - DEBUG - https://www.eventbriteapi.com:443 "GET /v3/events/search?categories=102&location.longitude=-6.266155&location.latitude=53.35014&expand=venue&page=2 HTTP/1.1" 301 None
2019-06-11 20:33:22,032 - urllib3.connectionpool - DEBUG - https://www.eventbriteapi.com:443 "GET /v3/events/search/?categories=102&location.longitude=-6.266155&location.latitude=53.35014&expand=venue&page=2 HTTP/1.1" 200 56581
2019-06-11 20:33:22,223 - urllib3.connectionpool - DEBUG - Starting new HTTPS connection (1): www.eventbriteapi.com:443
2019-06-11 20:33:22,660 - urllib3.connectionpool - DEBUG - https://www.eventbriteapi.com:443 "GET /v3/events/search?categories=102&location.longitude=-6.266155&location.latitude=53.35014&expand=venue&page=3 HTTP/1.1" 301 None
2019-06-11 20:33:23,004 - urllib3.connectionpool - DEBUG - https://www.eventbriteapi.com:443 "GET /v3/events/search/?categories=102&location.longitude=-6.266155&location.latitude=53.35014&expand=venue&page=3 HTTP/1.1" 200 2557
2019-06-11 20:33:23,098 - werkzeug - INFO - 127.0.0.1 - - [11/Jun/2019 20:33:23] "POST /api/v1.0/events HTTP/1.1" 200 -
2019-06-11 20:33:51,580 - werkzeug - INFO -  * Restarting with stat
2019-06-11 20:33:52,238 - werkzeug - WARNING -  * Debugger is active!
2019-06-11 20:33:52,254 - werkzeug - INFO -  * Debugger PIN: 168-521-222
2019-06-11 20:33:53,113 - werkzeug - INFO -  * Running on http://0.0.0.0:8080/ (Press CTRL+C to quit)
2019-06-11 20:34:21,456 - urllib3.connectionpool - DEBUG - Starting new HTTPS connection (1): secure.meetup.com:443
2019-06-11 20:34:22,128 - urllib3.connectionpool - DEBUG - https://secure.meetup.com:443 "POST /oauth2/access?client_id=a4t8djnuofg711ol9n123d5kqr&client_secret=621ss2n05shh4jj8n5ede6oh92&grant_type=refresh_token&refresh_token=14c958013bee8d48b911f78389d7d1dd HTTP/1.1" 200 131
2019-06-11 20:34:22,128 - urllib3.connectionpool - DEBUG - Starting new HTTPS connection (1): api.meetup.com:443
2019-06-11 20:34:22,831 - urllib3.connectionpool - DEBUG - https://api.meetup.com:443 "GET /find/upcoming_events?lat=53.35014&lon=-6.266155&radius=30&topic_category=34&text=python HTTP/1.1" 200 8203
2019-06-11 20:34:22,831 - urllib3.connectionpool - DEBUG - Starting new HTTPS connection (1): www.eventbriteapi.com:443
2019-06-11 20:34:23,270 - urllib3.connectionpool - DEBUG - https://www.eventbriteapi.com:443 "GET /v3/events/search?categories=102&location.longitude=-6.266155&location.latitude=53.35014&expand=venue&page=0 HTTP/1.1" 301 None
2019-06-11 20:34:24,206 - urllib3.connectionpool - DEBUG - https://www.eventbriteapi.com:443 "GET /v3/events/search/?categories=102&location.longitude=-6.266155&location.latitude=53.35014&expand=venue&page=0 HTTP/1.1" 200 61981
2019-06-11 20:34:24,489 - urllib3.connectionpool - DEBUG - Starting new HTTPS connection (1): www.eventbriteapi.com:443
2019-06-11 20:34:24,924 - urllib3.connectionpool - DEBUG - https://www.eventbriteapi.com:443 "GET /v3/events/search?categories=102&location.longitude=-6.266155&location.latitude=53.35014&expand=venue&page=1 HTTP/1.1" 301 None
2019-06-11 20:34:25,940 - urllib3.connectionpool - DEBUG - https://www.eventbriteapi.com:443 "GET /v3/events/search/?categories=102&location.longitude=-6.266155&location.latitude=53.35014&expand=venue&page=1 HTTP/1.1" 200 61981
2019-06-11 20:34:26,222 - urllib3.connectionpool - DEBUG - Starting new HTTPS connection (1): www.eventbriteapi.com:443
2019-06-11 20:34:26,643 - urllib3.connectionpool - DEBUG - https://www.eventbriteapi.com:443 "GET /v3/events/search?categories=102&location.longitude=-6.266155&location.latitude=53.35014&expand=venue&page=2 HTTP/1.1" 301 None
2019-06-11 20:34:27,722 - urllib3.connectionpool - DEBUG - https://www.eventbriteapi.com:443 "GET /v3/events/search/?categories=102&location.longitude=-6.266155&location.latitude=53.35014&expand=venue&page=2 HTTP/1.1" 200 56581
2019-06-11 20:34:27,987 - urllib3.connectionpool - DEBUG - Starting new HTTPS connection (1): www.eventbriteapi.com:443
2019-06-11 20:34:28,410 - urllib3.connectionpool - DEBUG - https://www.eventbriteapi.com:443 "GET /v3/events/search?categories=102&location.longitude=-6.266155&location.latitude=53.35014&expand=venue&page=3 HTTP/1.1" 301 None
2019-06-11 20:34:28,753 - urllib3.connectionpool - DEBUG - https://www.eventbriteapi.com:443 "GET /v3/events/search/?categories=102&location.longitude=-6.266155&location.latitude=53.35014&expand=venue&page=3 HTTP/1.1" 200 2557
2019-06-11 20:34:28,811 - werkzeug - INFO - 127.0.0.1 - - [11/Jun/2019 20:34:28] "POST /api/v1.0/events HTTP/1.1" 200 -
2019-06-11 20:35:16,893 - werkzeug - INFO -  * Restarting with stat
2019-06-11 20:35:17,550 - werkzeug - WARNING -  * Debugger is active!
2019-06-11 20:35:17,550 - werkzeug - INFO -  * Debugger PIN: 168-521-222
2019-06-11 20:35:18,411 - werkzeug - INFO -  * Running on http://0.0.0.0:8080/ (Press CTRL+C to quit)
2019-06-11 20:35:29,269 - urllib3.connectionpool - DEBUG - Starting new HTTPS connection (1): secure.meetup.com:443
2019-06-11 20:35:29,800 - urllib3.connectionpool - DEBUG - https://secure.meetup.com:443 "POST /oauth2/access?client_id=a4t8djnuofg711ol9n123d5kqr&client_secret=621ss2n05shh4jj8n5ede6oh92&grant_type=refresh_token&refresh_token=14c958013bee8d48b911f78389d7d1dd HTTP/1.1" 200 131
2019-06-11 20:35:29,816 - urllib3.connectionpool - DEBUG - Starting new HTTPS connection (1): api.meetup.com:443
2019-06-11 20:35:30,192 - urllib3.connectionpool - DEBUG - https://api.meetup.com:443 "GET /find/upcoming_events?lat=53.35014&lon=-6.266155&radius=30&topic_category=34&text=python HTTP/1.1" 200 8203
2019-06-11 20:35:30,192 - urllib3.connectionpool - DEBUG - Starting new HTTPS connection (1): www.eventbriteapi.com:443
2019-06-11 20:35:30,613 - urllib3.connectionpool - DEBUG - https://www.eventbriteapi.com:443 "GET /v3/events/search?categories=102&location.longitude=-6.266155&location.latitude=53.35014&expand=venue&page=0 HTTP/1.1" 301 None
2019-06-11 20:35:31,566 - urllib3.connectionpool - DEBUG - https://www.eventbriteapi.com:443 "GET /v3/events/search/?categories=102&location.longitude=-6.266155&location.latitude=53.35014&expand=venue&page=0 HTTP/1.1" 200 61981
2019-06-11 20:35:31,848 - urllib3.connectionpool - DEBUG - Starting new HTTPS connection (1): www.eventbriteapi.com:443
2019-06-11 20:35:32,315 - urllib3.connectionpool - DEBUG - https://www.eventbriteapi.com:443 "GET /v3/events/search?categories=102&location.longitude=-6.266155&location.latitude=53.35014&expand=venue&page=1 HTTP/1.1" 301 None
2019-06-11 20:35:33,204 - urllib3.connectionpool - DEBUG - https://www.eventbriteapi.com:443 "GET /v3/events/search/?categories=102&location.longitude=-6.266155&location.latitude=53.35014&expand=venue&page=1 HTTP/1.1" 200 61981
2019-06-11 20:35:33,493 - urllib3.connectionpool - DEBUG - Starting new HTTPS connection (1): www.eventbriteapi.com:443
2019-06-11 20:35:33,925 - urllib3.connectionpool - DEBUG - https://www.eventbriteapi.com:443 "GET /v3/events/search?categories=102&location.longitude=-6.266155&location.latitude=53.35014&expand=venue&page=2 HTTP/1.1" 301 None
2019-06-11 20:35:35,315 - urllib3.connectionpool - DEBUG - https://www.eventbriteapi.com:443 "GET /v3/events/search/?categories=102&location.longitude=-6.266155&location.latitude=53.35014&expand=venue&page=2 HTTP/1.1" 200 56581
2019-06-11 20:35:35,503 - urllib3.connectionpool - DEBUG - Starting new HTTPS connection (1): www.eventbriteapi.com:443
2019-06-11 20:35:35,941 - urllib3.connectionpool - DEBUG - https://www.eventbriteapi.com:443 "GET /v3/events/search?categories=102&location.longitude=-6.266155&location.latitude=53.35014&expand=venue&page=3 HTTP/1.1" 301 None
2019-06-11 20:35:36,676 - urllib3.connectionpool - DEBUG - https://www.eventbriteapi.com:443 "GET /v3/events/search/?categories=102&location.longitude=-6.266155&location.latitude=53.35014&expand=venue&page=3 HTTP/1.1" 200 2557
2019-06-11 20:35:36,754 - werkzeug - INFO - 127.0.0.1 - - [11/Jun/2019 20:35:36] "POST /api/v1.0/events HTTP/1.1" 200 -
2019-06-11 20:37:24,597 - werkzeug - INFO -  * Detected change in 'C:\\Code\\EventBriteModule\\eventbrite.py', reloading
2019-06-11 20:37:24,644 - werkzeug - INFO -  * Restarting with stat
2019-06-11 20:37:25,316 - werkzeug - WARNING -  * Debugger is active!
2019-06-11 20:37:25,331 - werkzeug - INFO -  * Debugger PIN: 168-521-222
2019-06-11 20:37:26,190 - werkzeug - INFO -  * Running on http://0.0.0.0:8080/ (Press CTRL+C to quit)
